{"C:\\Users\\Lucky\\Downloads\\FinLit\\FinLit\\models\\Achievement.js": {"path":"C:\\Users\\Lucky\\Downloads\\FinLit\\FinLit\\models\\Achievement.js","statementMap":{"0":{"start":{"line":3,"column":20},"end":{"line":518,"column":1}},"1":{"start":{"line":6,"column":4},"end":{"line":38,"column":5}},"2":{"start":{"line":7,"column":25},"end":{"line":7,"column":40}},"3":{"start":{"line":9,"column":21},"end":{"line":26,"column":7}},"4":{"start":{"line":29,"column":26},"end":{"line":32,"column":7}},"5":{"start":{"line":34,"column":6},"end":{"line":34,"column":49}},"6":{"start":{"line":36,"column":6},"end":{"line":36,"column":58}},"7":{"start":{"line":37,"column":6},"end":{"line":37,"column":18}},"8":{"start":{"line":43,"column":4},"end":{"line":54,"column":5}},"9":{"start":{"line":44,"column":25},"end":{"line":44,"column":40}},"10":{"start":{"line":46,"column":27},"end":{"line":48,"column":7}},"11":{"start":{"line":50,"column":6},"end":{"line":50,"column":82}},"12":{"start":{"line":50,"column":45},"end":{"line":50,"column":80}},"13":{"start":{"line":52,"column":6},"end":{"line":52,"column":65}},"14":{"start":{"line":53,"column":6},"end":{"line":53,"column":18}},"15":{"start":{"line":59,"column":4},"end":{"line":71,"column":5}},"16":{"start":{"line":60,"column":25},"end":{"line":60,"column":40}},"17":{"start":{"line":62,"column":27},"end":{"line":65,"column":7}},"18":{"start":{"line":67,"column":6},"end":{"line":67,"column":82}},"19":{"start":{"line":67,"column":45},"end":{"line":67,"column":80}},"20":{"start":{"line":69,"column":6},"end":{"line":69,"column":73}},"21":{"start":{"line":70,"column":6},"end":{"line":70,"column":18}},"22":{"start":{"line":76,"column":4},"end":{"line":88,"column":5}},"23":{"start":{"line":77,"column":25},"end":{"line":77,"column":40}},"24":{"start":{"line":79,"column":26},"end":{"line":82,"column":7}},"25":{"start":{"line":84,"column":6},"end":{"line":84,"column":70}},"26":{"start":{"line":86,"column":6},"end":{"line":86,"column":63}},"27":{"start":{"line":87,"column":6},"end":{"line":87,"column":18}},"28":{"start":{"line":93,"column":4},"end":{"line":117,"column":5}},"29":{"start":{"line":94,"column":25},"end":{"line":94,"column":40}},"30":{"start":{"line":96,"column":25},"end":{"line":96,"column":27}},"31":{"start":{"line":97,"column":21},"end":{"line":97,"column":23}},"32":{"start":{"line":98,"column":6},"end":{"line":102,"column":7}},"33":{"start":{"line":99,"column":22},"end":{"line":99,"column":81}},"34":{"start":{"line":99,"column":54},"end":{"line":99,"column":80}},"35":{"start":{"line":100,"column":8},"end":{"line":100,"column":40}},"36":{"start":{"line":101,"column":8},"end":{"line":101,"column":27}},"37":{"start":{"line":104,"column":6},"end":{"line":104,"column":22}},"38":{"start":{"line":106,"column":6},"end":{"line":111,"column":7}},"39":{"start":{"line":107,"column":8},"end":{"line":110,"column":10}},"40":{"start":{"line":113,"column":6},"end":{"line":113,"column":44}},"41":{"start":{"line":115,"column":6},"end":{"line":115,"column":58}},"42":{"start":{"line":116,"column":6},"end":{"line":116,"column":18}},"43":{"start":{"line":122,"column":4},"end":{"line":134,"column":5}},"44":{"start":{"line":123,"column":25},"end":{"line":123,"column":40}},"45":{"start":{"line":125,"column":6},"end":{"line":128,"column":8}},"46":{"start":{"line":130,"column":6},"end":{"line":130,"column":18}},"47":{"start":{"line":132,"column":6},"end":{"line":132,"column":58}},"48":{"start":{"line":133,"column":6},"end":{"line":133,"column":18}},"49":{"start":{"line":139,"column":4},"end":{"line":166,"column":5}},"50":{"start":{"line":140,"column":25},"end":{"line":140,"column":40}},"51":{"start":{"line":142,"column":31},"end":{"line":148,"column":7}},"52":{"start":{"line":150,"column":6},"end":{"line":162,"column":9}},"53":{"start":{"line":151,"column":26},"end":{"line":151,"column":61}},"54":{"start":{"line":152,"column":8},"end":{"line":152,"column":55}},"55":{"start":{"line":153,"column":8},"end":{"line":153,"column":64}},"56":{"start":{"line":154,"column":8},"end":{"line":154,"column":58}},"57":{"start":{"line":155,"column":8},"end":{"line":155,"column":57}},"58":{"start":{"line":156,"column":8},"end":{"line":159,"column":10}},"59":{"start":{"line":161,"column":8},"end":{"line":161,"column":25}},"60":{"start":{"line":164,"column":6},"end":{"line":164,"column":66}},"61":{"start":{"line":165,"column":6},"end":{"line":165,"column":18}},"62":{"start":{"line":171,"column":4},"end":{"line":279,"column":5}},"63":{"start":{"line":172,"column":25},"end":{"line":172,"column":40}},"64":{"start":{"line":173,"column":38},"end":{"line":173,"column":50}},"65":{"start":{"line":175,"column":6},"end":{"line":275,"column":7}},"66":{"start":{"line":176,"column":8},"end":{"line":178,"column":9}},"67":{"start":{"line":177,"column":10},"end":{"line":177,"column":52}},"68":{"start":{"line":180,"column":28},"end":{"line":180,"column":69}},"69":{"start":{"line":181,"column":8},"end":{"line":183,"column":9}},"70":{"start":{"line":182,"column":10},"end":{"line":182,"column":51}},"71":{"start":{"line":185,"column":30},"end":{"line":189,"column":9}},"72":{"start":{"line":191,"column":20},"end":{"line":191,"column":44}},"73":{"start":{"line":193,"column":8},"end":{"line":208,"column":9}},"74":{"start":{"line":194,"column":10},"end":{"line":199,"column":12}},"75":{"start":{"line":201,"column":10},"end":{"line":207,"column":12}},"76":{"start":{"line":210,"column":26},"end":{"line":210,"column":39}},"77":{"start":{"line":211,"column":8},"end":{"line":213,"column":9}},"78":{"start":{"line":212,"column":10},"end":{"line":212,"column":65}},"79":{"start":{"line":215,"column":28},"end":{"line":215,"column":71}},"80":{"start":{"line":217,"column":8},"end":{"line":231,"column":10}},"81":{"start":{"line":233,"column":8},"end":{"line":255,"column":9}},"82":{"start":{"line":234,"column":10},"end":{"line":241,"column":12}},"83":{"start":{"line":243,"column":10},"end":{"line":247,"column":12}},"84":{"start":{"line":249,"column":10},"end":{"line":254,"column":12}},"85":{"start":{"line":257,"column":8},"end":{"line":259,"column":9}},"86":{"start":{"line":258,"column":10},"end":{"line":258,"column":41}},"87":{"start":{"line":261,"column":39},"end":{"line":267,"column":9}},"88":{"start":{"line":269,"column":8},"end":{"line":269,"column":62}},"89":{"start":{"line":271,"column":8},"end":{"line":273,"column":9}},"90":{"start":{"line":272,"column":10},"end":{"line":272,"column":43}},"91":{"start":{"line":274,"column":8},"end":{"line":274,"column":20}},"92":{"start":{"line":277,"column":6},"end":{"line":277,"column":72}},"93":{"start":{"line":278,"column":6},"end":{"line":278,"column":18}},"94":{"start":{"line":284,"column":4},"end":{"line":304,"column":5}},"95":{"start":{"line":285,"column":25},"end":{"line":285,"column":40}},"96":{"start":{"line":287,"column":24},"end":{"line":287,"column":34}},"97":{"start":{"line":288,"column":6},"end":{"line":288,"column":49}},"98":{"start":{"line":290,"column":29},"end":{"line":298,"column":7}},"99":{"start":{"line":300,"column":6},"end":{"line":300,"column":84}},"100":{"start":{"line":300,"column":47},"end":{"line":300,"column":82}},"101":{"start":{"line":302,"column":6},"end":{"line":302,"column":77}},"102":{"start":{"line":303,"column":6},"end":{"line":303,"column":18}},"103":{"start":{"line":309,"column":4},"end":{"line":516,"column":5}},"104":{"start":{"line":310,"column":25},"end":{"line":310,"column":40}},"105":{"start":{"line":312,"column":35},"end":{"line":312,"column":85}},"106":{"start":{"line":313,"column":6},"end":{"line":316,"column":7}},"107":{"start":{"line":314,"column":8},"end":{"line":314,"column":94}},"108":{"start":{"line":315,"column":8},"end":{"line":315,"column":15}},"109":{"start":{"line":318,"column":34},"end":{"line":506,"column":7}},"110":{"start":{"line":508,"column":6},"end":{"line":510,"column":7}},"111":{"start":{"line":509,"column":8},"end":{"line":509,"column":50}},"112":{"start":{"line":512,"column":6},"end":{"line":512,"column":84}},"113":{"start":{"line":514,"column":6},"end":{"line":514,"column":71}},"114":{"start":{"line":515,"column":6},"end":{"line":515,"column":18}},"115":{"start":{"line":522,"column":2},"end":{"line":522,"column":32}},"116":{"start":{"line":522,"column":20},"end":{"line":522,"column":32}},"117":{"start":{"line":524,"column":2},"end":{"line":541,"column":4}}},"fnMap":{"0":{"name":"(anonymous_0)","decl":{"start":{"line":5,"column":10},"end":{"line":5,"column":11}},"loc":{"start":{"line":5,"column":37},"end":{"line":39,"column":3}},"line":5},"1":{"name":"(anonymous_1)","decl":{"start":{"line":42,"column":10},"end":{"line":42,"column":11}},"loc":{"start":{"line":42,"column":22},"end":{"line":55,"column":3}},"line":42},"2":{"name":"(anonymous_2)","decl":{"start":{"line":50,"column":30},"end":{"line":50,"column":31}},"loc":{"start":{"line":50,"column":45},"end":{"line":50,"column":80}},"line":50},"3":{"name":"(anonymous_3)","decl":{"start":{"line":58,"column":17},"end":{"line":58,"column":18}},"loc":{"start":{"line":58,"column":37},"end":{"line":72,"column":3}},"line":58},"4":{"name":"(anonymous_4)","decl":{"start":{"line":67,"column":30},"end":{"line":67,"column":31}},"loc":{"start":{"line":67,"column":45},"end":{"line":67,"column":80}},"line":67},"5":{"name":"(anonymous_5)","decl":{"start":{"line":75,"column":12},"end":{"line":75,"column":13}},"loc":{"start":{"line":75,"column":26},"end":{"line":89,"column":3}},"line":75},"6":{"name":"(anonymous_6)","decl":{"start":{"line":92,"column":10},"end":{"line":92,"column":11}},"loc":{"start":{"line":92,"column":33},"end":{"line":118,"column":3}},"line":92},"7":{"name":"(anonymous_7)","decl":{"start":{"line":99,"column":44},"end":{"line":99,"column":45}},"loc":{"start":{"line":99,"column":54},"end":{"line":99,"column":80}},"line":99},"8":{"name":"(anonymous_8)","decl":{"start":{"line":121,"column":10},"end":{"line":121,"column":11}},"loc":{"start":{"line":121,"column":24},"end":{"line":135,"column":3}},"line":121},"9":{"name":"(anonymous_9)","decl":{"start":{"line":138,"column":23},"end":{"line":138,"column":24}},"loc":{"start":{"line":138,"column":41},"end":{"line":167,"column":3}},"line":138},"10":{"name":"(anonymous_10)","decl":{"start":{"line":150,"column":34},"end":{"line":150,"column":35}},"loc":{"start":{"line":150,"column":49},"end":{"line":162,"column":7}},"line":150},"11":{"name":"(anonymous_11)","decl":{"start":{"line":170,"column":22},"end":{"line":170,"column":23}},"loc":{"start":{"line":170,"column":90},"end":{"line":280,"column":3}},"line":170},"12":{"name":"(anonymous_12)","decl":{"start":{"line":283,"column":33},"end":{"line":283,"column":34}},"loc":{"start":{"line":283,"column":51},"end":{"line":305,"column":3}},"line":283},"13":{"name":"(anonymous_13)","decl":{"start":{"line":300,"column":32},"end":{"line":300,"column":33}},"loc":{"start":{"line":300,"column":47},"end":{"line":300,"column":82}},"line":300},"14":{"name":"(anonymous_14)","decl":{"start":{"line":308,"column":27},"end":{"line":308,"column":28}},"loc":{"start":{"line":308,"column":39},"end":{"line":517,"column":3}},"line":308},"15":{"name":"processAchievementData","decl":{"start":{"line":521,"column":9},"end":{"line":521,"column":31}},"loc":{"start":{"line":521,"column":45},"end":{"line":542,"column":1}},"line":521}},"branchMap":{"0":{"loc":{"start":{"line":19,"column":10},"end":{"line":19,"column":43}},"type":"binary-expr","locations":[{"start":{"line":19,"column":10},"end":{"line":19,"column":38}},{"start":{"line":19,"column":42},"end":{"line":19,"column":43}}],"line":19},"1":{"loc":{"start":{"line":22,"column":10},"end":{"line":22,"column":44}},"type":"binary-expr","locations":[{"start":{"line":22,"column":10},"end":{"line":22,"column":36}},{"start":{"line":22,"column":40},"end":{"line":22,"column":44}}],"line":22},"2":{"loc":{"start":{"line":23,"column":10},"end":{"line":23,"column":36}},"type":"binary-expr","locations":[{"start":{"line":23,"column":10},"end":{"line":23,"column":31}},{"start":{"line":23,"column":35},"end":{"line":23,"column":36}}],"line":23},"3":{"loc":{"start":{"line":24,"column":10},"end":{"line":24,"column":39}},"type":"binary-expr","locations":[{"start":{"line":24,"column":10},"end":{"line":24,"column":34}},{"start":{"line":24,"column":38},"end":{"line":24,"column":39}}],"line":24},"4":{"loc":{"start":{"line":84,"column":13},"end":{"line":84,"column":69}},"type":"cond-expr","locations":[{"start":{"line":84,"column":27},"end":{"line":84,"column":62}},{"start":{"line":84,"column":65},"end":{"line":84,"column":69}}],"line":84},"5":{"loc":{"start":{"line":106,"column":6},"end":{"line":111,"column":7}},"type":"if","locations":[{"start":{"line":106,"column":6},"end":{"line":111,"column":7}},{"start":{},"end":{}}],"line":106},"6":{"loc":{"start":{"line":152,"column":29},"end":{"line":152,"column":54}},"type":"binary-expr","locations":[{"start":{"line":152,"column":29},"end":{"line":152,"column":49}},{"start":{"line":152,"column":53},"end":{"line":152,"column":54}}],"line":152},"7":{"loc":{"start":{"line":153,"column":33},"end":{"line":153,"column":63}},"type":"binary-expr","locations":[{"start":{"line":153,"column":33},"end":{"line":153,"column":58}},{"start":{"line":153,"column":62},"end":{"line":153,"column":63}}],"line":153},"8":{"loc":{"start":{"line":170,"column":67},"end":{"line":170,"column":85}},"type":"default-arg","locations":[{"start":{"line":170,"column":81},"end":{"line":170,"column":85}}],"line":170},"9":{"loc":{"start":{"line":176,"column":8},"end":{"line":178,"column":9}},"type":"if","locations":[{"start":{"line":176,"column":8},"end":{"line":178,"column":9}},{"start":{},"end":{}}],"line":176},"10":{"loc":{"start":{"line":181,"column":8},"end":{"line":183,"column":9}},"type":"if","locations":[{"start":{"line":181,"column":8},"end":{"line":183,"column":9}},{"start":{},"end":{}}],"line":181},"11":{"loc":{"start":{"line":193,"column":8},"end":{"line":208,"column":9}},"type":"if","locations":[{"start":{"line":193,"column":8},"end":{"line":208,"column":9}},{"start":{},"end":{}}],"line":193},"12":{"loc":{"start":{"line":211,"column":8},"end":{"line":213,"column":9}},"type":"if","locations":[{"start":{"line":211,"column":8},"end":{"line":213,"column":9}},{"start":{},"end":{}}],"line":211},"13":{"loc":{"start":{"line":211,"column":12},"end":{"line":211,"column":74}},"type":"binary-expr","locations":[{"start":{"line":211,"column":12},"end":{"line":211,"column":29}},{"start":{"line":211,"column":33},"end":{"line":211,"column":74}}],"line":211},"14":{"loc":{"start":{"line":224,"column":12},"end":{"line":224,"column":31}},"type":"cond-expr","locations":[{"start":{"line":224,"column":26},"end":{"line":224,"column":27}},{"start":{"line":224,"column":30},"end":{"line":224,"column":31}}],"line":224},"15":{"loc":{"start":{"line":233,"column":8},"end":{"line":255,"column":9}},"type":"if","locations":[{"start":{"line":233,"column":8},"end":{"line":255,"column":9}},{"start":{},"end":{}}],"line":233},"16":{"loc":{"start":{"line":233,"column":12},"end":{"line":233,"column":58}},"type":"binary-expr","locations":[{"start":{"line":233,"column":12},"end":{"line":233,"column":23}},{"start":{"line":233,"column":27},"end":{"line":233,"column":58}}],"line":233},"17":{"loc":{"start":{"line":257,"column":8},"end":{"line":259,"column":9}},"type":"if","locations":[{"start":{"line":257,"column":8},"end":{"line":259,"column":9}},{"start":{},"end":{}}],"line":257},"18":{"loc":{"start":{"line":271,"column":8},"end":{"line":273,"column":9}},"type":"if","locations":[{"start":{"line":271,"column":8},"end":{"line":273,"column":9}},{"start":{},"end":{}}],"line":271},"19":{"loc":{"start":{"line":313,"column":6},"end":{"line":316,"column":7}},"type":"if","locations":[{"start":{"line":313,"column":6},"end":{"line":316,"column":7}},{"start":{},"end":{}}],"line":313},"20":{"loc":{"start":{"line":522,"column":2},"end":{"line":522,"column":32}},"type":"if","locations":[{"start":{"line":522,"column":2},"end":{"line":522,"column":32}},{"start":{},"end":{}}],"line":522}},"s":{"0":1,"1":18,"2":18,"3":18,"4":18,"5":18,"6":0,"7":0,"8":0,"9":0,"10":0,"11":0,"12":0,"13":0,"14":0,"15":0,"16":0,"17":0,"18":0,"19":0,"20":0,"21":0,"22":2,"23":2,"24":2,"25":2,"26":0,"27":0,"28":0,"29":0,"30":0,"31":0,"32":0,"33":0,"34":0,"35":0,"36":0,"37":0,"38":0,"39":0,"40":0,"41":0,"42":0,"43":0,"44":0,"45":0,"46":0,"47":0,"48":0,"49":1,"50":1,"51":1,"52":1,"53":2,"54":2,"55":2,"56":2,"57":2,"58":2,"59":2,"60":0,"61":0,"62":2,"63":2,"64":2,"65":2,"66":2,"67":2,"68":2,"69":2,"70":0,"71":2,"72":2,"73":2,"74":2,"75":2,"76":2,"77":2,"78":0,"79":2,"80":2,"81":2,"82":2,"83":2,"84":2,"85":2,"86":2,"87":2,"88":2,"89":0,"90":0,"91":0,"92":0,"93":0,"94":0,"95":0,"96":0,"97":0,"98":0,"99":0,"100":0,"101":0,"102":0,"103":1,"104":1,"105":1,"106":1,"107":0,"108":0,"109":1,"110":1,"111":17,"112":1,"113":0,"114":0,"115":24,"116":2,"117":22},"f":{"0":18,"1":0,"2":0,"3":0,"4":0,"5":2,"6":0,"7":0,"8":0,"9":1,"10":2,"11":2,"12":0,"13":0,"14":1,"15":24},"b":{"0":[18,0],"1":[18,18],"2":[18,1],"3":[18,1],"4":[2,0],"5":[0,0],"6":[2,0],"7":[2,2],"8":[2],"9":[2,0],"10":[0,2],"11":[2,0],"12":[0,2],"13":[2,2],"14":[2,0],"15":[2,0],"16":[2,2],"17":[2,0],"18":[0,0],"19":[0,1],"20":[2,22]},"inputSourceMap":null,"_coverageSchema":"1a1c01bbd47fc00a2c39e90264f33305004495a9","hash":"c28f23d847f4c060cdac6f322d0c01858f09bf2e"}
,"C:\\Users\\Lucky\\Downloads\\FinLit\\FinLit\\models\\Challenge.js": {"path":"C:\\Users\\Lucky\\Downloads\\FinLit\\FinLit\\models\\Challenge.js","statementMap":{"0":{"start":{"line":4,"column":18},"end":{"line":247,"column":1}},"1":{"start":{"line":7,"column":4},"end":{"line":53,"column":5}},"2":{"start":{"line":8,"column":25},"end":{"line":8,"column":40}},"3":{"start":{"line":10,"column":6},"end":{"line":10,"column":48}},"4":{"start":{"line":11,"column":6},"end":{"line":49,"column":7}},"5":{"start":{"line":13,"column":33},"end":{"line":13,"column":111}},"6":{"start":{"line":15,"column":23},"end":{"line":33,"column":9}},"7":{"start":{"line":36,"column":26},"end":{"line":39,"column":9}},"8":{"start":{"line":42,"column":8},"end":{"line":42,"column":39}},"9":{"start":{"line":44,"column":8},"end":{"line":44,"column":47}},"10":{"start":{"line":47,"column":8},"end":{"line":47,"column":41}},"11":{"start":{"line":48,"column":8},"end":{"line":48,"column":20}},"12":{"start":{"line":51,"column":6},"end":{"line":51,"column":56}},"13":{"start":{"line":52,"column":6},"end":{"line":52,"column":18}},"14":{"start":{"line":58,"column":4},"end":{"line":92,"column":5}},"15":{"start":{"line":59,"column":25},"end":{"line":59,"column":40}},"16":{"start":{"line":60,"column":18},"end":{"line":70,"column":7}},"17":{"start":{"line":71,"column":21},"end":{"line":71,"column":37}},"18":{"start":{"line":74,"column":6},"end":{"line":77,"column":7}},"19":{"start":{"line":75,"column":8},"end":{"line":75,"column":37}},"20":{"start":{"line":76,"column":8},"end":{"line":76,"column":36}},"21":{"start":{"line":79,"column":6},"end":{"line":79,"column":45}},"22":{"start":{"line":82,"column":6},"end":{"line":85,"column":7}},"23":{"start":{"line":83,"column":8},"end":{"line":83,"column":28}},"24":{"start":{"line":84,"column":8},"end":{"line":84,"column":35}},"25":{"start":{"line":87,"column":25},"end":{"line":87,"column":60}},"26":{"start":{"line":88,"column":6},"end":{"line":88,"column":74}},"27":{"start":{"line":88,"column":41},"end":{"line":88,"column":72}},"28":{"start":{"line":90,"column":6},"end":{"line":90,"column":56}},"29":{"start":{"line":91,"column":6},"end":{"line":91,"column":18}},"30":{"start":{"line":97,"column":4},"end":{"line":116,"column":5}},"31":{"start":{"line":98,"column":25},"end":{"line":98,"column":40}},"32":{"start":{"line":99,"column":24},"end":{"line":110,"column":7}},"33":{"start":{"line":112,"column":6},"end":{"line":112,"column":64}},"34":{"start":{"line":114,"column":6},"end":{"line":114,"column":55}},"35":{"start":{"line":115,"column":6},"end":{"line":115,"column":18}},"36":{"start":{"line":121,"column":4},"end":{"line":141,"column":5}},"37":{"start":{"line":122,"column":25},"end":{"line":122,"column":40}},"38":{"start":{"line":124,"column":21},"end":{"line":129,"column":7}},"39":{"start":{"line":131,"column":6},"end":{"line":134,"column":7}},"40":{"start":{"line":133,"column":8},"end":{"line":133,"column":20}},"41":{"start":{"line":137,"column":6},"end":{"line":137,"column":51}},"42":{"start":{"line":139,"column":6},"end":{"line":139,"column":57}},"43":{"start":{"line":140,"column":6},"end":{"line":140,"column":18}},"44":{"start":{"line":146,"column":4},"end":{"line":189,"column":5}},"45":{"start":{"line":147,"column":25},"end":{"line":147,"column":40}},"46":{"start":{"line":148,"column":24},"end":{"line":148,"column":61}},"47":{"start":{"line":149,"column":6},"end":{"line":149,"column":61}},"48":{"start":{"line":149,"column":22},"end":{"line":149,"column":61}},"49":{"start":{"line":152,"column":27},"end":{"line":152,"column":60}},"50":{"start":{"line":153,"column":25},"end":{"line":153,"column":79}},"51":{"start":{"line":155,"column":6},"end":{"line":158,"column":8}},"52":{"start":{"line":161,"column":31},"end":{"line":161,"column":68}},"53":{"start":{"line":163,"column":6},"end":{"line":183,"column":7}},"54":{"start":{"line":164,"column":23},"end":{"line":164,"column":27}},"55":{"start":{"line":166,"column":8},"end":{"line":170,"column":9}},"56":{"start":{"line":167,"column":10},"end":{"line":167,"column":51}},"57":{"start":{"line":168,"column":15},"end":{"line":170,"column":9}},"58":{"start":{"line":169,"column":10},"end":{"line":169,"column":51}},"59":{"start":{"line":172,"column":8},"end":{"line":177,"column":10}},"60":{"start":{"line":180,"column":8},"end":{"line":182,"column":9}},"61":{"start":{"line":181,"column":10},"end":{"line":181,"column":108}},"62":{"start":{"line":185,"column":6},"end":{"line":185,"column":51}},"63":{"start":{"line":187,"column":6},"end":{"line":187,"column":62}},"64":{"start":{"line":188,"column":6},"end":{"line":188,"column":18}},"65":{"start":{"line":194,"column":4},"end":{"line":245,"column":5}},"66":{"start":{"line":195,"column":25},"end":{"line":195,"column":40}},"67":{"start":{"line":197,"column":6},"end":{"line":197,"column":48}},"68":{"start":{"line":198,"column":6},"end":{"line":241,"column":7}},"69":{"start":{"line":200,"column":8},"end":{"line":207,"column":10}},"70":{"start":{"line":210,"column":8},"end":{"line":214,"column":10}},"71":{"start":{"line":217,"column":8},"end":{"line":231,"column":9}},"72":{"start":{"line":218,"column":10},"end":{"line":224,"column":12}},"73":{"start":{"line":225,"column":15},"end":{"line":231,"column":9}},"74":{"start":{"line":226,"column":10},"end":{"line":230,"column":12}},"75":{"start":{"line":234,"column":8},"end":{"line":234,"column":39}},"76":{"start":{"line":236,"column":8},"end":{"line":236,"column":20}},"77":{"start":{"line":239,"column":8},"end":{"line":239,"column":41}},"78":{"start":{"line":240,"column":8},"end":{"line":240,"column":20}},"79":{"start":{"line":243,"column":6},"end":{"line":243,"column":53}},"80":{"start":{"line":244,"column":6},"end":{"line":244,"column":18}},"81":{"start":{"line":251,"column":2},"end":{"line":251,"column":30}},"82":{"start":{"line":251,"column":18},"end":{"line":251,"column":30}},"83":{"start":{"line":253,"column":21},"end":{"line":253,"column":25}},"84":{"start":{"line":255,"column":2},"end":{"line":262,"column":3}},"85":{"start":{"line":256,"column":4},"end":{"line":261,"column":5}},"86":{"start":{"line":257,"column":6},"end":{"line":257,"column":57}},"87":{"start":{"line":259,"column":6},"end":{"line":259,"column":55}},"88":{"start":{"line":260,"column":6},"end":{"line":260,"column":26}},"89":{"start":{"line":264,"column":2},"end":{"line":282,"column":4}}},"fnMap":{"0":{"name":"(anonymous_0)","decl":{"start":{"line":6,"column":10},"end":{"line":6,"column":11}},"loc":{"start":{"line":6,"column":35},"end":{"line":54,"column":3}},"line":6},"1":{"name":"(anonymous_1)","decl":{"start":{"line":57,"column":16},"end":{"line":57,"column":17}},"loc":{"start":{"line":57,"column":48},"end":{"line":93,"column":3}},"line":57},"2":{"name":"(anonymous_2)","decl":{"start":{"line":88,"column":28},"end":{"line":88,"column":29}},"loc":{"start":{"line":88,"column":41},"end":{"line":88,"column":72}},"line":88},"3":{"name":"(anonymous_3)","decl":{"start":{"line":96,"column":12},"end":{"line":96,"column":13}},"loc":{"start":{"line":96,"column":26},"end":{"line":117,"column":3}},"line":96},"4":{"name":"(anonymous_4)","decl":{"start":{"line":120,"column":10},"end":{"line":120,"column":11}},"loc":{"start":{"line":120,"column":33},"end":{"line":142,"column":3}},"line":120},"5":{"name":"(anonymous_5)","decl":{"start":{"line":145,"column":15},"end":{"line":145,"column":16}},"loc":{"start":{"line":145,"column":53},"end":{"line":190,"column":3}},"line":145},"6":{"name":"(anonymous_6)","decl":{"start":{"line":193,"column":15},"end":{"line":193,"column":16}},"loc":{"start":{"line":193,"column":69},"end":{"line":246,"column":3}},"line":193},"7":{"name":"processChallengeData","decl":{"start":{"line":250,"column":9},"end":{"line":250,"column":29}},"loc":{"start":{"line":250,"column":41},"end":{"line":283,"column":1}},"line":250}},"branchMap":{"0":{"loc":{"start":{"line":13,"column":33},"end":{"line":13,"column":111}},"type":"cond-expr","locations":[{"start":{"line":13,"column":62},"end":{"line":13,"column":104}},{"start":{"line":13,"column":107},"end":{"line":13,"column":111}}],"line":13},"1":{"loc":{"start":{"line":25,"column":12},"end":{"line":25,"column":42}},"type":"binary-expr","locations":[{"start":{"line":25,"column":12},"end":{"line":25,"column":34}},{"start":{"line":25,"column":38},"end":{"line":25,"column":42}}],"line":25},"2":{"loc":{"start":{"line":27,"column":12},"end":{"line":27,"column":43}},"type":"binary-expr","locations":[{"start":{"line":27,"column":12},"end":{"line":27,"column":37}},{"start":{"line":27,"column":41},"end":{"line":27,"column":43}}],"line":27},"3":{"loc":{"start":{"line":57,"column":31},"end":{"line":57,"column":43}},"type":"default-arg","locations":[{"start":{"line":57,"column":41},"end":{"line":57,"column":43}}],"line":57},"4":{"loc":{"start":{"line":74,"column":6},"end":{"line":77,"column":7}},"type":"if","locations":[{"start":{"line":74,"column":6},"end":{"line":77,"column":7}},{"start":{},"end":{}}],"line":74},"5":{"loc":{"start":{"line":82,"column":6},"end":{"line":85,"column":7}},"type":"if","locations":[{"start":{"line":82,"column":6},"end":{"line":85,"column":7}},{"start":{},"end":{}}],"line":82},"6":{"loc":{"start":{"line":112,"column":13},"end":{"line":112,"column":63}},"type":"cond-expr","locations":[{"start":{"line":112,"column":25},"end":{"line":112,"column":56}},{"start":{"line":112,"column":59},"end":{"line":112,"column":63}}],"line":112},"7":{"loc":{"start":{"line":131,"column":6},"end":{"line":134,"column":7}},"type":"if","locations":[{"start":{"line":131,"column":6},"end":{"line":134,"column":7}},{"start":{},"end":{}}],"line":131},"8":{"loc":{"start":{"line":149,"column":6},"end":{"line":149,"column":61}},"type":"if","locations":[{"start":{"line":149,"column":6},"end":{"line":149,"column":61}},{"start":{},"end":{}}],"line":149},"9":{"loc":{"start":{"line":153,"column":25},"end":{"line":153,"column":79}},"type":"cond-expr","locations":[{"start":{"line":153,"column":40},"end":{"line":153,"column":58}},{"start":{"line":153,"column":61},"end":{"line":153,"column":79}}],"line":153},"10":{"loc":{"start":{"line":163,"column":6},"end":{"line":183,"column":7}},"type":"if","locations":[{"start":{"line":163,"column":6},"end":{"line":183,"column":7}},{"start":{},"end":{}}],"line":163},"11":{"loc":{"start":{"line":163,"column":10},"end":{"line":163,"column":96}},"type":"binary-expr","locations":[{"start":{"line":163,"column":10},"end":{"line":163,"column":51}},{"start":{"line":163,"column":55},"end":{"line":163,"column":96}}],"line":163},"12":{"loc":{"start":{"line":166,"column":8},"end":{"line":170,"column":9}},"type":"if","locations":[{"start":{"line":166,"column":8},"end":{"line":170,"column":9}},{"start":{"line":168,"column":15},"end":{"line":170,"column":9}}],"line":166},"13":{"loc":{"start":{"line":168,"column":15},"end":{"line":170,"column":9}},"type":"if","locations":[{"start":{"line":168,"column":15},"end":{"line":170,"column":9}},{"start":{},"end":{}}],"line":168},"14":{"loc":{"start":{"line":180,"column":8},"end":{"line":182,"column":9}},"type":"if","locations":[{"start":{"line":180,"column":8},"end":{"line":182,"column":9}},{"start":{},"end":{}}],"line":180},"15":{"loc":{"start":{"line":193,"column":46},"end":{"line":193,"column":64}},"type":"default-arg","locations":[{"start":{"line":193,"column":60},"end":{"line":193,"column":64}}],"line":193},"16":{"loc":{"start":{"line":217,"column":8},"end":{"line":231,"column":9}},"type":"if","locations":[{"start":{"line":217,"column":8},"end":{"line":231,"column":9}},{"start":{"line":225,"column":15},"end":{"line":231,"column":9}}],"line":217},"17":{"loc":{"start":{"line":225,"column":15},"end":{"line":231,"column":9}},"type":"if","locations":[{"start":{"line":225,"column":15},"end":{"line":231,"column":9}},{"start":{},"end":{}}],"line":225},"18":{"loc":{"start":{"line":251,"column":2},"end":{"line":251,"column":30}},"type":"if","locations":[{"start":{"line":251,"column":2},"end":{"line":251,"column":30}},{"start":{},"end":{}}],"line":251},"19":{"loc":{"start":{"line":255,"column":2},"end":{"line":262,"column":3}},"type":"if","locations":[{"start":{"line":255,"column":2},"end":{"line":262,"column":3}},{"start":{},"end":{}}],"line":255}},"s":{"0":2,"1":5,"2":5,"3":5,"4":5,"5":5,"6":5,"7":4,"8":4,"9":4,"10":1,"11":1,"12":1,"13":1,"14":4,"15":4,"16":4,"17":4,"18":4,"19":2,"20":2,"21":4,"22":4,"23":2,"24":2,"25":4,"26":4,"27":4,"28":0,"29":0,"30":11,"31":11,"32":11,"33":11,"34":0,"35":0,"36":3,"37":3,"38":3,"39":3,"40":1,"41":2,"42":0,"43":0,"44":3,"45":3,"46":3,"47":3,"48":0,"49":3,"50":3,"51":3,"52":3,"53":3,"54":2,"55":2,"56":0,"57":2,"58":1,"59":2,"60":2,"61":1,"62":3,"63":0,"64":0,"65":6,"66":6,"67":6,"68":6,"69":6,"70":5,"71":4,"72":3,"73":1,"74":1,"75":4,"76":4,"77":2,"78":2,"79":2,"80":2,"81":19,"82":0,"83":19,"84":19,"85":2,"86":2,"87":0,"88":0,"89":19},"f":{"0":5,"1":4,"2":4,"3":11,"4":3,"5":3,"6":6,"7":19},"b":{"0":[2,3],"1":[5,3],"2":[5,3],"3":[1],"4":[2,2],"5":[2,2],"6":[11,0],"7":[1,2],"8":[0,3],"9":[1,2],"10":[2,1],"11":[3,3],"12":[0,2],"13":[1,1],"14":[1,1],"15":[1],"16":[3,1],"17":[1,0],"18":[0,19],"19":[2,17]},"inputSourceMap":null,"_coverageSchema":"1a1c01bbd47fc00a2c39e90264f33305004495a9","hash":"b3761414a30c6713fd9d1d89db6a4e8fe43474b3"}
,"C:\\Users\\Lucky\\Downloads\\FinLit\\FinLit\\models\\Chapter.js": {"path":"C:\\Users\\Lucky\\Downloads\\FinLit\\FinLit\\models\\Chapter.js","statementMap":{"0":{"start":{"line":8,"column":16},"end":{"line":192,"column":1}},"1":{"start":{"line":11,"column":4},"end":{"line":38,"column":5}},"2":{"start":{"line":12,"column":25},"end":{"line":12,"column":40}},"3":{"start":{"line":14,"column":21},"end":{"line":26,"column":7}},"4":{"start":{"line":29,"column":22},"end":{"line":32,"column":7}},"5":{"start":{"line":34,"column":6},"end":{"line":34,"column":41}},"6":{"start":{"line":36,"column":6},"end":{"line":36,"column":54}},"7":{"start":{"line":37,"column":6},"end":{"line":37,"column":18}},"8":{"start":{"line":43,"column":4},"end":{"line":75,"column":5}},"9":{"start":{"line":44,"column":25},"end":{"line":44,"column":40}},"10":{"start":{"line":47,"column":23},"end":{"line":50,"column":7}},"11":{"start":{"line":53,"column":34},"end":{"line":69,"column":7}},"12":{"start":{"line":55,"column":26},"end":{"line":58,"column":11}},"13":{"start":{"line":60,"column":35},"end":{"line":60,"column":62}},"14":{"start":{"line":61,"column":10},"end":{"line":65,"column":14}},"15":{"start":{"line":61,"column":62},"end":{"line":65,"column":11}},"16":{"start":{"line":67,"column":10},"end":{"line":67,"column":34}},"17":{"start":{"line":71,"column":6},"end":{"line":71,"column":33}},"18":{"start":{"line":73,"column":6},"end":{"line":73,"column":67}},"19":{"start":{"line":74,"column":6},"end":{"line":74,"column":18}},"20":{"start":{"line":80,"column":4},"end":{"line":106,"column":5}},"21":{"start":{"line":81,"column":25},"end":{"line":81,"column":40}},"22":{"start":{"line":83,"column":22},"end":{"line":86,"column":7}},"23":{"start":{"line":87,"column":6},"end":{"line":87,"column":32}},"24":{"start":{"line":87,"column":20},"end":{"line":87,"column":32}},"25":{"start":{"line":90,"column":22},"end":{"line":93,"column":7}},"26":{"start":{"line":95,"column":31},"end":{"line":95,"column":58}},"27":{"start":{"line":96,"column":6},"end":{"line":100,"column":10}},"28":{"start":{"line":96,"column":58},"end":{"line":100,"column":7}},"29":{"start":{"line":102,"column":6},"end":{"line":102,"column":30}},"30":{"start":{"line":104,"column":6},"end":{"line":104,"column":59}},"31":{"start":{"line":105,"column":6},"end":{"line":105,"column":18}},"32":{"start":{"line":111,"column":4},"end":{"line":155,"column":5}},"33":{"start":{"line":112,"column":25},"end":{"line":112,"column":40}},"34":{"start":{"line":115,"column":30},"end":{"line":118,"column":7}},"35":{"start":{"line":119,"column":6},"end":{"line":121,"column":7}},"36":{"start":{"line":120,"column":8},"end":{"line":120,"column":45}},"37":{"start":{"line":124,"column":25},"end":{"line":124,"column":27}},"38":{"start":{"line":125,"column":21},"end":{"line":125,"column":23}},"39":{"start":{"line":127,"column":6},"end":{"line":132,"column":7}},"40":{"start":{"line":129,"column":22},"end":{"line":129,"column":81}},"41":{"start":{"line":129,"column":54},"end":{"line":129,"column":80}},"42":{"start":{"line":130,"column":8},"end":{"line":130,"column":40}},"43":{"start":{"line":131,"column":8},"end":{"line":131,"column":27}},"44":{"start":{"line":135,"column":6},"end":{"line":135,"column":40}},"45":{"start":{"line":136,"column":6},"end":{"line":136,"column":44}},"46":{"start":{"line":139,"column":6},"end":{"line":139,"column":22}},"47":{"start":{"line":141,"column":6},"end":{"line":144,"column":8}},"48":{"start":{"line":147,"column":29},"end":{"line":150,"column":7}},"49":{"start":{"line":151,"column":6},"end":{"line":151,"column":48}},"50":{"start":{"line":153,"column":6},"end":{"line":153,"column":54}},"51":{"start":{"line":154,"column":6},"end":{"line":154,"column":18}},"52":{"start":{"line":160,"column":4},"end":{"line":190,"column":5}},"53":{"start":{"line":161,"column":25},"end":{"line":161,"column":40}},"54":{"start":{"line":164,"column":6},"end":{"line":164,"column":48}},"55":{"start":{"line":166,"column":6},"end":{"line":186,"column":7}},"56":{"start":{"line":168,"column":8},"end":{"line":171,"column":10}},"57":{"start":{"line":174,"column":8},"end":{"line":177,"column":10}},"58":{"start":{"line":180,"column":8},"end":{"line":180,"column":39}},"59":{"start":{"line":181,"column":8},"end":{"line":181,"column":20}},"60":{"start":{"line":184,"column":8},"end":{"line":184,"column":41}},"61":{"start":{"line":185,"column":8},"end":{"line":185,"column":18}},"62":{"start":{"line":188,"column":6},"end":{"line":188,"column":54}},"63":{"start":{"line":189,"column":6},"end":{"line":189,"column":18}},"64":{"start":{"line":196,"column":2},"end":{"line":196,"column":28}},"65":{"start":{"line":196,"column":16},"end":{"line":196,"column":28}},"66":{"start":{"line":197,"column":2},"end":{"line":205,"column":4}}},"fnMap":{"0":{"name":"(anonymous_0)","decl":{"start":{"line":10,"column":10},"end":{"line":10,"column":11}},"loc":{"start":{"line":10,"column":33},"end":{"line":39,"column":3}},"line":10},"1":{"name":"(anonymous_1)","decl":{"start":{"line":42,"column":18},"end":{"line":42,"column":19}},"loc":{"start":{"line":42,"column":38},"end":{"line":76,"column":3}},"line":42},"2":{"name":"(anonymous_2)","decl":{"start":{"line":54,"column":21},"end":{"line":54,"column":22}},"loc":{"start":{"line":54,"column":40},"end":{"line":68,"column":9}},"line":54},"3":{"name":"(anonymous_3)","decl":{"start":{"line":61,"column":49},"end":{"line":61,"column":50}},"loc":{"start":{"line":61,"column":62},"end":{"line":65,"column":11}},"line":61},"4":{"name":"(anonymous_4)","decl":{"start":{"line":79,"column":12},"end":{"line":79,"column":13}},"loc":{"start":{"line":79,"column":26},"end":{"line":107,"column":3}},"line":79},"5":{"name":"(anonymous_5)","decl":{"start":{"line":96,"column":45},"end":{"line":96,"column":46}},"loc":{"start":{"line":96,"column":58},"end":{"line":100,"column":7}},"line":96},"6":{"name":"(anonymous_6)","decl":{"start":{"line":110,"column":10},"end":{"line":110,"column":11}},"loc":{"start":{"line":110,"column":33},"end":{"line":156,"column":3}},"line":110},"7":{"name":"(anonymous_7)","decl":{"start":{"line":129,"column":44},"end":{"line":129,"column":45}},"loc":{"start":{"line":129,"column":54},"end":{"line":129,"column":80}},"line":129},"8":{"name":"(anonymous_8)","decl":{"start":{"line":159,"column":10},"end":{"line":159,"column":11}},"loc":{"start":{"line":159,"column":24},"end":{"line":191,"column":3}},"line":159},"9":{"name":"processChapterData","decl":{"start":{"line":195,"column":9},"end":{"line":195,"column":27}},"loc":{"start":{"line":195,"column":37},"end":{"line":206,"column":1}},"line":195}},"branchMap":{"0":{"loc":{"start":{"line":21,"column":10},"end":{"line":21,"column":39}},"type":"binary-expr","locations":[{"start":{"line":21,"column":10},"end":{"line":21,"column":33}},{"start":{"line":21,"column":37},"end":{"line":21,"column":39}}],"line":21},"1":{"loc":{"start":{"line":22,"column":10},"end":{"line":22,"column":32}},"type":"binary-expr","locations":[{"start":{"line":22,"column":10},"end":{"line":22,"column":27}},{"start":{"line":22,"column":31},"end":{"line":22,"column":32}}],"line":22},"2":{"loc":{"start":{"line":87,"column":6},"end":{"line":87,"column":32}},"type":"if","locations":[{"start":{"line":87,"column":6},"end":{"line":87,"column":32}},{"start":{},"end":{}}],"line":87},"3":{"loc":{"start":{"line":119,"column":6},"end":{"line":121,"column":7}},"type":"if","locations":[{"start":{"line":119,"column":6},"end":{"line":121,"column":7}},{"start":{},"end":{}}],"line":119},"4":{"loc":{"start":{"line":196,"column":2},"end":{"line":196,"column":28}},"type":"if","locations":[{"start":{"line":196,"column":2},"end":{"line":196,"column":28}},{"start":{},"end":{}}],"line":196}},"s":{"0":1,"1":1,"2":1,"3":1,"4":1,"5":1,"6":0,"7":0,"8":1,"9":1,"10":1,"11":1,"12":2,"13":2,"14":2,"15":4,"16":2,"17":1,"18":0,"19":0,"20":0,"21":0,"22":0,"23":0,"24":0,"25":0,"26":0,"27":0,"28":0,"29":0,"30":0,"31":0,"32":0,"33":0,"34":0,"35":0,"36":0,"37":0,"38":0,"39":0,"40":0,"41":0,"42":0,"43":0,"44":0,"45":0,"46":0,"47":0,"48":0,"49":0,"50":0,"51":0,"52":0,"53":0,"54":0,"55":0,"56":0,"57":0,"58":0,"59":0,"60":0,"61":0,"62":0,"63":0,"64":3,"65":0,"66":3},"f":{"0":1,"1":1,"2":2,"3":4,"4":0,"5":0,"6":0,"7":0,"8":0,"9":3},"b":{"0":[1,0],"1":[1,1],"2":[0,0],"3":[0,0],"4":[0,3]},"inputSourceMap":null,"_coverageSchema":"1a1c01bbd47fc00a2c39e90264f33305004495a9","hash":"d1bbf25e764cfb2ba1e492dffbfe3c3dce5bd5e9"}
,"C:\\Users\\Lucky\\Downloads\\FinLit\\FinLit\\models\\Course.js": {"path":"C:\\Users\\Lucky\\Downloads\\FinLit\\FinLit\\models\\Course.js","statementMap":{"0":{"start":{"line":5,"column":15},"end":{"line":188,"column":1}},"1":{"start":{"line":8,"column":4},"end":{"line":41,"column":5}},"2":{"start":{"line":9,"column":25},"end":{"line":9,"column":40}},"3":{"start":{"line":12,"column":21},"end":{"line":29,"column":7}},"4":{"start":{"line":32,"column":21},"end":{"line":35,"column":7}},"5":{"start":{"line":37,"column":6},"end":{"line":37,"column":40}},"6":{"start":{"line":39,"column":6},"end":{"line":39,"column":53}},"7":{"start":{"line":40,"column":6},"end":{"line":40,"column":18}},"8":{"start":{"line":46,"column":4},"end":{"line":89,"column":5}},"9":{"start":{"line":47,"column":25},"end":{"line":47,"column":40}},"10":{"start":{"line":50,"column":27},"end":{"line":50,"column":29}},"11":{"start":{"line":51,"column":21},"end":{"line":51,"column":23}},"12":{"start":{"line":53,"column":6},"end":{"line":56,"column":7}},"13":{"start":{"line":54,"column":8},"end":{"line":54,"column":39}},"14":{"start":{"line":55,"column":8},"end":{"line":55,"column":35}},"15":{"start":{"line":58,"column":6},"end":{"line":65,"column":7}},"16":{"start":{"line":59,"column":8},"end":{"line":59,"column":40}},"17":{"start":{"line":60,"column":8},"end":{"line":60,"column":36}},"18":{"start":{"line":63,"column":8},"end":{"line":63,"column":40}},"19":{"start":{"line":64,"column":8},"end":{"line":64,"column":33}},"20":{"start":{"line":67,"column":6},"end":{"line":71,"column":7}},"21":{"start":{"line":68,"column":8},"end":{"line":68,"column":66}},"22":{"start":{"line":69,"column":8},"end":{"line":69,"column":43}},"23":{"start":{"line":70,"column":8},"end":{"line":70,"column":43}},"24":{"start":{"line":73,"column":26},"end":{"line":75,"column":12}},"25":{"start":{"line":78,"column":26},"end":{"line":78,"column":71}},"26":{"start":{"line":80,"column":22},"end":{"line":83,"column":7}},"27":{"start":{"line":85,"column":6},"end":{"line":85,"column":63}},"28":{"start":{"line":85,"column":35},"end":{"line":85,"column":61}},"29":{"start":{"line":87,"column":6},"end":{"line":87,"column":53}},"30":{"start":{"line":88,"column":6},"end":{"line":88,"column":18}},"31":{"start":{"line":94,"column":4},"end":{"line":117,"column":5}},"32":{"start":{"line":95,"column":25},"end":{"line":95,"column":40}},"33":{"start":{"line":97,"column":21},"end":{"line":100,"column":7}},"34":{"start":{"line":102,"column":6},"end":{"line":102,"column":31}},"35":{"start":{"line":102,"column":19},"end":{"line":102,"column":31}},"36":{"start":{"line":105,"column":23},"end":{"line":105,"column":55}},"37":{"start":{"line":107,"column":30},"end":{"line":107,"column":56}},"38":{"start":{"line":110,"column":6},"end":{"line":110,"column":42}},"39":{"start":{"line":113,"column":6},"end":{"line":113,"column":29}},"40":{"start":{"line":115,"column":6},"end":{"line":115,"column":58}},"41":{"start":{"line":116,"column":6},"end":{"line":116,"column":18}},"42":{"start":{"line":122,"column":4},"end":{"line":169,"column":5}},"43":{"start":{"line":123,"column":25},"end":{"line":123,"column":40}},"44":{"start":{"line":126,"column":29},"end":{"line":129,"column":7}},"45":{"start":{"line":131,"column":6},"end":{"line":133,"column":7}},"46":{"start":{"line":132,"column":8},"end":{"line":132,"column":44}},"47":{"start":{"line":136,"column":25},"end":{"line":136,"column":27}},"48":{"start":{"line":137,"column":21},"end":{"line":137,"column":23}},"49":{"start":{"line":139,"column":6},"end":{"line":144,"column":7}},"50":{"start":{"line":141,"column":22},"end":{"line":141,"column":81}},"51":{"start":{"line":141,"column":54},"end":{"line":141,"column":80}},"52":{"start":{"line":142,"column":8},"end":{"line":142,"column":40}},"53":{"start":{"line":143,"column":8},"end":{"line":143,"column":27}},"54":{"start":{"line":147,"column":6},"end":{"line":147,"column":40}},"55":{"start":{"line":148,"column":6},"end":{"line":148,"column":44}},"56":{"start":{"line":151,"column":6},"end":{"line":151,"column":22}},"57":{"start":{"line":154,"column":6},"end":{"line":157,"column":8}},"58":{"start":{"line":160,"column":28},"end":{"line":163,"column":7}},"59":{"start":{"line":165,"column":6},"end":{"line":165,"column":47}},"60":{"start":{"line":167,"column":6},"end":{"line":167,"column":53}},"61":{"start":{"line":168,"column":6},"end":{"line":168,"column":18}},"62":{"start":{"line":174,"column":4},"end":{"line":186,"column":5}},"63":{"start":{"line":175,"column":25},"end":{"line":175,"column":40}},"64":{"start":{"line":177,"column":6},"end":{"line":180,"column":8}},"65":{"start":{"line":182,"column":6},"end":{"line":182,"column":18}},"66":{"start":{"line":184,"column":6},"end":{"line":184,"column":53}},"67":{"start":{"line":185,"column":6},"end":{"line":185,"column":18}},"68":{"start":{"line":192,"column":2},"end":{"line":192,"column":27}},"69":{"start":{"line":192,"column":15},"end":{"line":192,"column":27}},"70":{"start":{"line":195,"column":2},"end":{"line":207,"column":4}}},"fnMap":{"0":{"name":"(anonymous_0)","decl":{"start":{"line":7,"column":10},"end":{"line":7,"column":11}},"loc":{"start":{"line":7,"column":32},"end":{"line":42,"column":3}},"line":7},"1":{"name":"(anonymous_1)","decl":{"start":{"line":45,"column":11},"end":{"line":45,"column":12}},"loc":{"start":{"line":45,"column":35},"end":{"line":90,"column":3}},"line":45},"2":{"name":"(anonymous_2)","decl":{"start":{"line":85,"column":25},"end":{"line":85,"column":26}},"loc":{"start":{"line":85,"column":35},"end":{"line":85,"column":61}},"line":85},"3":{"name":"(anonymous_3)","decl":{"start":{"line":93,"column":12},"end":{"line":93,"column":13}},"loc":{"start":{"line":93,"column":26},"end":{"line":118,"column":3}},"line":93},"4":{"name":"(anonymous_4)","decl":{"start":{"line":121,"column":10},"end":{"line":121,"column":11}},"loc":{"start":{"line":121,"column":33},"end":{"line":170,"column":3}},"line":121},"5":{"name":"(anonymous_5)","decl":{"start":{"line":141,"column":44},"end":{"line":141,"column":45}},"loc":{"start":{"line":141,"column":54},"end":{"line":141,"column":80}},"line":141},"6":{"name":"(anonymous_6)","decl":{"start":{"line":173,"column":10},"end":{"line":173,"column":11}},"loc":{"start":{"line":173,"column":24},"end":{"line":187,"column":3}},"line":173},"7":{"name":"processCoursesData","decl":{"start":{"line":191,"column":9},"end":{"line":191,"column":27}},"loc":{"start":{"line":191,"column":36},"end":{"line":208,"column":1}},"line":191}},"branchMap":{"0":{"loc":{"start":{"line":20,"column":10},"end":{"line":20,"column":40}},"type":"binary-expr","locations":[{"start":{"line":20,"column":10},"end":{"line":20,"column":26}},{"start":{"line":20,"column":30},"end":{"line":20,"column":40}}],"line":20},"1":{"loc":{"start":{"line":21,"column":10},"end":{"line":21,"column":35}},"type":"binary-expr","locations":[{"start":{"line":21,"column":10},"end":{"line":21,"column":29}},{"start":{"line":21,"column":33},"end":{"line":21,"column":35}}],"line":21},"2":{"loc":{"start":{"line":22,"column":10},"end":{"line":22,"column":39}},"type":"binary-expr","locations":[{"start":{"line":22,"column":10},"end":{"line":22,"column":34}},{"start":{"line":22,"column":38},"end":{"line":22,"column":39}}],"line":22},"3":{"loc":{"start":{"line":23,"column":10},"end":{"line":23,"column":38}},"type":"binary-expr","locations":[{"start":{"line":23,"column":10},"end":{"line":23,"column":33}},{"start":{"line":23,"column":37},"end":{"line":23,"column":38}}],"line":23},"4":{"loc":{"start":{"line":24,"column":10},"end":{"line":24,"column":40}},"type":"binary-expr","locations":[{"start":{"line":24,"column":10},"end":{"line":24,"column":35}},{"start":{"line":24,"column":39},"end":{"line":24,"column":40}}],"line":24},"5":{"loc":{"start":{"line":25,"column":10},"end":{"line":25,"column":38}},"type":"binary-expr","locations":[{"start":{"line":25,"column":10},"end":{"line":25,"column":27}},{"start":{"line":25,"column":31},"end":{"line":25,"column":38}}],"line":25},"6":{"loc":{"start":{"line":45,"column":18},"end":{"line":45,"column":30}},"type":"default-arg","locations":[{"start":{"line":45,"column":28},"end":{"line":45,"column":30}}],"line":45},"7":{"loc":{"start":{"line":53,"column":6},"end":{"line":56,"column":7}},"type":"if","locations":[{"start":{"line":53,"column":6},"end":{"line":56,"column":7}},{"start":{},"end":{}}],"line":53},"8":{"loc":{"start":{"line":53,"column":10},"end":{"line":53,"column":50}},"type":"binary-expr","locations":[{"start":{"line":53,"column":10},"end":{"line":53,"column":23}},{"start":{"line":53,"column":27},"end":{"line":53,"column":50}}],"line":53},"9":{"loc":{"start":{"line":58,"column":6},"end":{"line":65,"column":7}},"type":"if","locations":[{"start":{"line":58,"column":6},"end":{"line":65,"column":7}},{"start":{"line":61,"column":13},"end":{"line":65,"column":7}}],"line":58},"10":{"loc":{"start":{"line":67,"column":6},"end":{"line":71,"column":7}},"type":"if","locations":[{"start":{"line":67,"column":6},"end":{"line":71,"column":7}},{"start":{},"end":{}}],"line":67},"11":{"loc":{"start":{"line":73,"column":26},"end":{"line":75,"column":12}},"type":"cond-expr","locations":[{"start":{"line":74,"column":10},"end":{"line":74,"column":47}},{"start":{"line":75,"column":10},"end":{"line":75,"column":12}}],"line":73},"12":{"loc":{"start":{"line":78,"column":26},"end":{"line":78,"column":71}},"type":"cond-expr","locations":[{"start":{"line":78,"column":42},"end":{"line":78,"column":66}},{"start":{"line":78,"column":69},"end":{"line":78,"column":71}}],"line":78},"13":{"loc":{"start":{"line":102,"column":6},"end":{"line":102,"column":31}},"type":"if","locations":[{"start":{"line":102,"column":6},"end":{"line":102,"column":31}},{"start":{},"end":{}}],"line":102},"14":{"loc":{"start":{"line":131,"column":6},"end":{"line":133,"column":7}},"type":"if","locations":[{"start":{"line":131,"column":6},"end":{"line":133,"column":7}},{"start":{},"end":{}}],"line":131},"15":{"loc":{"start":{"line":192,"column":2},"end":{"line":192,"column":27}},"type":"if","locations":[{"start":{"line":192,"column":2},"end":{"line":192,"column":27}},{"start":{},"end":{}}],"line":192}},"s":{"0":1,"1":2,"2":2,"3":2,"4":1,"5":1,"6":1,"7":1,"8":2,"9":2,"10":2,"11":2,"12":2,"13":1,"14":1,"15":2,"16":1,"17":1,"18":1,"19":1,"20":2,"21":0,"22":0,"23":0,"24":2,"25":2,"26":2,"27":2,"28":2,"29":0,"30":0,"31":0,"32":0,"33":0,"34":0,"35":0,"36":0,"37":0,"38":0,"39":0,"40":0,"41":0,"42":0,"43":0,"44":0,"45":0,"46":0,"47":0,"48":0,"49":0,"50":0,"51":0,"52":0,"53":0,"54":0,"55":0,"56":0,"57":0,"58":0,"59":0,"60":0,"61":0,"62":0,"63":0,"64":0,"65":0,"66":0,"67":0,"68":3,"69":0,"70":3},"f":{"0":2,"1":2,"2":2,"3":0,"4":0,"5":0,"6":0,"7":3},"b":{"0":[2,1],"1":[2,1],"2":[2,1],"3":[2,1],"4":[2,1],"5":[2,1],"6":[1],"7":[1,1],"8":[2,1],"9":[1,1],"10":[0,2],"11":[2,0],"12":[0,2],"13":[0,0],"14":[0,0],"15":[0,3]},"inputSourceMap":null,"_coverageSchema":"1a1c01bbd47fc00a2c39e90264f33305004495a9","hash":"56ca4eef4db2c148284c32d33040ab90d7f7aa3e"}
,"C:\\Users\\Lucky\\Downloads\\FinLit\\FinLit\\models\\Leaderboard.js": {"path":"C:\\Users\\Lucky\\Downloads\\FinLit\\FinLit\\models\\Leaderboard.js","statementMap":{"0":{"start":{"line":3,"column":20},"end":{"line":139,"column":1}},"1":{"start":{"line":6,"column":4},"end":{"line":50,"column":5}},"2":{"start":{"line":7,"column":25},"end":{"line":7,"column":40}},"3":{"start":{"line":10,"column":28},"end":{"line":13,"column":7}},"4":{"start":{"line":15,"column":6},"end":{"line":44,"column":7}},"5":{"start":{"line":17,"column":8},"end":{"line":24,"column":10}},"6":{"start":{"line":27,"column":8},"end":{"line":34,"column":10}},"7":{"start":{"line":37,"column":8},"end":{"line":41,"column":10}},"8":{"start":{"line":43,"column":8},"end":{"line":43,"column":20}},"9":{"start":{"line":46,"column":6},"end":{"line":46,"column":19}},"10":{"start":{"line":48,"column":6},"end":{"line":48,"column":58}},"11":{"start":{"line":49,"column":6},"end":{"line":49,"column":18}},"12":{"start":{"line":55,"column":4},"end":{"line":80,"column":5}},"13":{"start":{"line":56,"column":25},"end":{"line":56,"column":40}},"14":{"start":{"line":58,"column":25},"end":{"line":67,"column":7}},"15":{"start":{"line":69,"column":6},"end":{"line":76,"column":10}},"16":{"start":{"line":69,"column":38},"end":{"line":76,"column":7}},"17":{"start":{"line":78,"column":6},"end":{"line":78,"column":57}},"18":{"start":{"line":79,"column":6},"end":{"line":79,"column":18}},"19":{"start":{"line":85,"column":4},"end":{"line":109,"column":5}},"20":{"start":{"line":86,"column":25},"end":{"line":86,"column":40}},"21":{"start":{"line":88,"column":24},"end":{"line":91,"column":7}},"22":{"start":{"line":93,"column":6},"end":{"line":93,"column":34}},"23":{"start":{"line":93,"column":22},"end":{"line":93,"column":34}},"24":{"start":{"line":95,"column":19},"end":{"line":100,"column":7}},"25":{"start":{"line":102,"column":6},"end":{"line":105,"column":8}},"26":{"start":{"line":107,"column":6},"end":{"line":107,"column":55}},"27":{"start":{"line":108,"column":6},"end":{"line":108,"column":18}},"28":{"start":{"line":114,"column":4},"end":{"line":137,"column":5}},"29":{"start":{"line":115,"column":25},"end":{"line":115,"column":40}},"30":{"start":{"line":117,"column":25},"end":{"line":124,"column":7}},"31":{"start":{"line":126,"column":6},"end":{"line":133,"column":10}},"32":{"start":{"line":126,"column":38},"end":{"line":133,"column":7}},"33":{"start":{"line":135,"column":6},"end":{"line":135,"column":64}},"34":{"start":{"line":136,"column":6},"end":{"line":136,"column":18}}},"fnMap":{"0":{"name":"(anonymous_0)","decl":{"start":{"line":5,"column":15},"end":{"line":5,"column":16}},"loc":{"start":{"line":5,"column":50},"end":{"line":51,"column":3}},"line":5},"1":{"name":"(anonymous_1)","decl":{"start":{"line":54,"column":17},"end":{"line":54,"column":18}},"loc":{"start":{"line":54,"column":49},"end":{"line":81,"column":3}},"line":54},"2":{"name":"(anonymous_2)","decl":{"start":{"line":69,"column":28},"end":{"line":69,"column":29}},"loc":{"start":{"line":69,"column":38},"end":{"line":76,"column":7}},"line":69},"3":{"name":"(anonymous_3)","decl":{"start":{"line":84,"column":15},"end":{"line":84,"column":16}},"loc":{"start":{"line":84,"column":43},"end":{"line":110,"column":3}},"line":84},"4":{"name":"(anonymous_4)","decl":{"start":{"line":113,"column":24},"end":{"line":113,"column":25}},"loc":{"start":{"line":113,"column":46},"end":{"line":138,"column":3}},"line":113},"5":{"name":"(anonymous_5)","decl":{"start":{"line":126,"column":28},"end":{"line":126,"column":29}},"loc":{"start":{"line":126,"column":38},"end":{"line":133,"column":7}},"line":126}},"branchMap":{"0":{"loc":{"start":{"line":15,"column":6},"end":{"line":44,"column":7}},"type":"if","locations":[{"start":{"line":15,"column":6},"end":{"line":44,"column":7}},{"start":{},"end":{}}],"line":15},"1":{"loc":{"start":{"line":15,"column":10},"end":{"line":15,"column":55}},"type":"binary-expr","locations":[{"start":{"line":15,"column":10},"end":{"line":15,"column":24}},{"start":{"line":15,"column":28},"end":{"line":15,"column":55}}],"line":15},"2":{"loc":{"start":{"line":54,"column":34},"end":{"line":54,"column":44}},"type":"default-arg","locations":[{"start":{"line":54,"column":42},"end":{"line":54,"column":44}}],"line":54},"3":{"loc":{"start":{"line":75,"column":21},"end":{"line":75,"column":44}},"type":"binary-expr","locations":[{"start":{"line":75,"column":21},"end":{"line":75,"column":39}},{"start":{"line":75,"column":43},"end":{"line":75,"column":44}}],"line":75},"4":{"loc":{"start":{"line":93,"column":6},"end":{"line":93,"column":34}},"type":"if","locations":[{"start":{"line":93,"column":6},"end":{"line":93,"column":34}},{"start":{},"end":{}}],"line":93},"5":{"loc":{"start":{"line":113,"column":31},"end":{"line":113,"column":41}},"type":"default-arg","locations":[{"start":{"line":113,"column":39},"end":{"line":113,"column":41}}],"line":113}},"s":{"0":2,"1":4,"2":4,"3":4,"4":3,"5":2,"6":2,"7":2,"8":2,"9":1,"10":1,"11":1,"12":1,"13":1,"14":1,"15":1,"16":2,"17":0,"18":0,"19":2,"20":2,"21":2,"22":2,"23":1,"24":1,"25":1,"26":0,"27":0,"28":1,"29":1,"30":1,"31":1,"32":2,"33":0,"34":0},"f":{"0":4,"1":1,"2":2,"3":2,"4":1,"5":2},"b":{"0":[2,1],"1":[3,2],"2":[0],"3":[2,0],"4":[1,1],"5":[0]},"inputSourceMap":null,"_coverageSchema":"1a1c01bbd47fc00a2c39e90264f33305004495a9","hash":"3a7dbde49029f5ba2d0f407649d4a545f4426ae3"}
,"C:\\Users\\Lucky\\Downloads\\FinLit\\FinLit\\models\\Lesson.js": {"path":"C:\\Users\\Lucky\\Downloads\\FinLit\\FinLit\\models\\Lesson.js","statementMap":{"0":{"start":{"line":8,"column":15},"end":{"line":217,"column":1}},"1":{"start":{"line":11,"column":4},"end":{"line":46,"column":5}},"2":{"start":{"line":12,"column":25},"end":{"line":12,"column":40}},"3":{"start":{"line":15,"column":22},"end":{"line":15,"column":26}},"4":{"start":{"line":16,"column":6},"end":{"line":18,"column":7}},"5":{"start":{"line":17,"column":8},"end":{"line":17,"column":57}},"6":{"start":{"line":20,"column":21},"end":{"line":35,"column":7}},"7":{"start":{"line":37,"column":21},"end":{"line":40,"column":7}},"8":{"start":{"line":42,"column":6},"end":{"line":42,"column":39}},"9":{"start":{"line":44,"column":6},"end":{"line":44,"column":53}},"10":{"start":{"line":45,"column":6},"end":{"line":45,"column":18}},"11":{"start":{"line":51,"column":4},"end":{"line":63,"column":5}},"12":{"start":{"line":52,"column":25},"end":{"line":52,"column":40}},"13":{"start":{"line":54,"column":22},"end":{"line":57,"column":7}},"14":{"start":{"line":59,"column":6},"end":{"line":59,"column":62}},"15":{"start":{"line":59,"column":35},"end":{"line":59,"column":60}},"16":{"start":{"line":61,"column":6},"end":{"line":61,"column":67}},"17":{"start":{"line":62,"column":6},"end":{"line":62,"column":18}},"18":{"start":{"line":68,"column":4},"end":{"line":119,"column":5}},"19":{"start":{"line":69,"column":25},"end":{"line":69,"column":40}},"20":{"start":{"line":71,"column":21},"end":{"line":74,"column":7}},"21":{"start":{"line":76,"column":6},"end":{"line":76,"column":31}},"22":{"start":{"line":76,"column":19},"end":{"line":76,"column":31}},"23":{"start":{"line":78,"column":19},"end":{"line":81,"column":7}},"24":{"start":{"line":83,"column":30},"end":{"line":83,"column":55}},"25":{"start":{"line":85,"column":6},"end":{"line":113,"column":7}},"26":{"start":{"line":86,"column":8},"end":{"line":110,"column":9}},"27":{"start":{"line":87,"column":28},"end":{"line":90,"column":11}},"28":{"start":{"line":92,"column":10},"end":{"line":106,"column":12}},"29":{"start":{"line":97,"column":43},"end":{"line":105,"column":13}},"30":{"start":{"line":108,"column":10},"end":{"line":108,"column":60}},"31":{"start":{"line":109,"column":10},"end":{"line":109,"column":38}},"32":{"start":{"line":112,"column":8},"end":{"line":112,"column":36}},"33":{"start":{"line":115,"column":6},"end":{"line":115,"column":29}},"34":{"start":{"line":117,"column":6},"end":{"line":117,"column":58}},"35":{"start":{"line":118,"column":6},"end":{"line":118,"column":18}},"36":{"start":{"line":124,"column":4},"end":{"line":172,"column":5}},"37":{"start":{"line":125,"column":25},"end":{"line":125,"column":40}},"38":{"start":{"line":127,"column":29},"end":{"line":130,"column":7}},"39":{"start":{"line":132,"column":6},"end":{"line":134,"column":7}},"40":{"start":{"line":133,"column":8},"end":{"line":133,"column":44}},"41":{"start":{"line":137,"column":6},"end":{"line":139,"column":7}},"42":{"start":{"line":138,"column":8},"end":{"line":138,"column":62}},"43":{"start":{"line":141,"column":25},"end":{"line":141,"column":27}},"44":{"start":{"line":142,"column":21},"end":{"line":142,"column":23}},"45":{"start":{"line":145,"column":6},"end":{"line":149,"column":7}},"46":{"start":{"line":146,"column":22},"end":{"line":146,"column":81}},"47":{"start":{"line":146,"column":54},"end":{"line":146,"column":80}},"48":{"start":{"line":147,"column":8},"end":{"line":147,"column":40}},"49":{"start":{"line":148,"column":8},"end":{"line":148,"column":27}},"50":{"start":{"line":152,"column":6},"end":{"line":152,"column":40}},"51":{"start":{"line":153,"column":6},"end":{"line":153,"column":44}},"52":{"start":{"line":156,"column":6},"end":{"line":156,"column":22}},"53":{"start":{"line":158,"column":6},"end":{"line":161,"column":8}},"54":{"start":{"line":163,"column":28},"end":{"line":166,"column":7}},"55":{"start":{"line":168,"column":6},"end":{"line":168,"column":46}},"56":{"start":{"line":170,"column":6},"end":{"line":170,"column":53}},"57":{"start":{"line":171,"column":6},"end":{"line":171,"column":18}},"58":{"start":{"line":177,"column":4},"end":{"line":215,"column":5}},"59":{"start":{"line":178,"column":25},"end":{"line":178,"column":40}},"60":{"start":{"line":180,"column":6},"end":{"line":180,"column":48}},"61":{"start":{"line":182,"column":6},"end":{"line":211,"column":7}},"62":{"start":{"line":183,"column":21},"end":{"line":186,"column":9}},"63":{"start":{"line":188,"column":8},"end":{"line":198,"column":9}},"64":{"start":{"line":189,"column":10},"end":{"line":192,"column":12}},"65":{"start":{"line":194,"column":10},"end":{"line":197,"column":12}},"66":{"start":{"line":200,"column":8},"end":{"line":203,"column":10}},"67":{"start":{"line":205,"column":8},"end":{"line":205,"column":39}},"68":{"start":{"line":207,"column":8},"end":{"line":207,"column":20}},"69":{"start":{"line":209,"column":8},"end":{"line":209,"column":41}},"70":{"start":{"line":210,"column":8},"end":{"line":210,"column":18}},"71":{"start":{"line":213,"column":6},"end":{"line":213,"column":53}},"72":{"start":{"line":214,"column":6},"end":{"line":214,"column":18}},"73":{"start":{"line":221,"column":2},"end":{"line":221,"column":27}},"74":{"start":{"line":221,"column":15},"end":{"line":221,"column":27}},"75":{"start":{"line":223,"column":18},"end":{"line":223,"column":20}},"76":{"start":{"line":224,"column":2},"end":{"line":228,"column":3}},"77":{"start":{"line":225,"column":4},"end":{"line":225,"column":53}},"78":{"start":{"line":227,"column":4},"end":{"line":227,"column":56}},"79":{"start":{"line":230,"column":2},"end":{"line":240,"column":4}}},"fnMap":{"0":{"name":"(anonymous_0)","decl":{"start":{"line":10,"column":10},"end":{"line":10,"column":11}},"loc":{"start":{"line":10,"column":32},"end":{"line":47,"column":3}},"line":10},"1":{"name":"(anonymous_1)","decl":{"start":{"line":50,"column":19},"end":{"line":50,"column":20}},"loc":{"start":{"line":50,"column":40},"end":{"line":64,"column":3}},"line":50},"2":{"name":"(anonymous_2)","decl":{"start":{"line":59,"column":25},"end":{"line":59,"column":26}},"loc":{"start":{"line":59,"column":35},"end":{"line":59,"column":60}},"line":59},"3":{"name":"(anonymous_3)","decl":{"start":{"line":67,"column":12},"end":{"line":67,"column":13}},"loc":{"start":{"line":67,"column":26},"end":{"line":120,"column":3}},"line":67},"4":{"name":"(anonymous_4)","decl":{"start":{"line":97,"column":37},"end":{"line":97,"column":38}},"loc":{"start":{"line":97,"column":43},"end":{"line":105,"column":13}},"line":97},"5":{"name":"(anonymous_5)","decl":{"start":{"line":123,"column":10},"end":{"line":123,"column":11}},"loc":{"start":{"line":123,"column":33},"end":{"line":173,"column":3}},"line":123},"6":{"name":"(anonymous_6)","decl":{"start":{"line":146,"column":44},"end":{"line":146,"column":45}},"loc":{"start":{"line":146,"column":54},"end":{"line":146,"column":80}},"line":146},"7":{"name":"(anonymous_7)","decl":{"start":{"line":176,"column":10},"end":{"line":176,"column":11}},"loc":{"start":{"line":176,"column":24},"end":{"line":216,"column":3}},"line":176},"8":{"name":"processLessonData","decl":{"start":{"line":220,"column":9},"end":{"line":220,"column":26}},"loc":{"start":{"line":220,"column":35},"end":{"line":241,"column":1}},"line":220}},"branchMap":{"0":{"loc":{"start":{"line":16,"column":6},"end":{"line":18,"column":7}},"type":"if","locations":[{"start":{"line":16,"column":6},"end":{"line":18,"column":7}},{"start":{},"end":{}}],"line":16},"1":{"loc":{"start":{"line":28,"column":10},"end":{"line":28,"column":34}},"type":"binary-expr","locations":[{"start":{"line":28,"column":10},"end":{"line":28,"column":28}},{"start":{"line":28,"column":32},"end":{"line":28,"column":34}}],"line":28},"2":{"loc":{"start":{"line":30,"column":10},"end":{"line":30,"column":31}},"type":"binary-expr","locations":[{"start":{"line":30,"column":10},"end":{"line":30,"column":26}},{"start":{"line":30,"column":30},"end":{"line":30,"column":31}}],"line":30},"3":{"loc":{"start":{"line":31,"column":10},"end":{"line":31,"column":43}},"type":"binary-expr","locations":[{"start":{"line":31,"column":10},"end":{"line":31,"column":37}},{"start":{"line":31,"column":41},"end":{"line":31,"column":43}}],"line":31},"4":{"loc":{"start":{"line":76,"column":6},"end":{"line":76,"column":31}},"type":"if","locations":[{"start":{"line":76,"column":6},"end":{"line":76,"column":31}},{"start":{},"end":{}}],"line":76},"5":{"loc":{"start":{"line":85,"column":6},"end":{"line":113,"column":7}},"type":"if","locations":[{"start":{"line":85,"column":6},"end":{"line":113,"column":7}},{"start":{"line":111,"column":13},"end":{"line":113,"column":7}}],"line":85},"6":{"loc":{"start":{"line":101,"column":34},"end":{"line":101,"column":51}},"type":"binary-expr","locations":[{"start":{"line":101,"column":34},"end":{"line":101,"column":43}},{"start":{"line":101,"column":47},"end":{"line":101,"column":51}}],"line":101},"7":{"loc":{"start":{"line":132,"column":6},"end":{"line":134,"column":7}},"type":"if","locations":[{"start":{"line":132,"column":6},"end":{"line":134,"column":7}},{"start":{},"end":{}}],"line":132},"8":{"loc":{"start":{"line":137,"column":6},"end":{"line":139,"column":7}},"type":"if","locations":[{"start":{"line":137,"column":6},"end":{"line":139,"column":7}},{"start":{},"end":{}}],"line":137},"9":{"loc":{"start":{"line":137,"column":10},"end":{"line":137,"column":63}},"type":"binary-expr","locations":[{"start":{"line":137,"column":10},"end":{"line":137,"column":27}},{"start":{"line":137,"column":31},"end":{"line":137,"column":63}}],"line":137},"10":{"loc":{"start":{"line":188,"column":8},"end":{"line":198,"column":9}},"type":"if","locations":[{"start":{"line":188,"column":8},"end":{"line":198,"column":9}},{"start":{},"end":{}}],"line":188},"11":{"loc":{"start":{"line":221,"column":2},"end":{"line":221,"column":27}},"type":"if","locations":[{"start":{"line":221,"column":2},"end":{"line":221,"column":27}},{"start":{},"end":{}}],"line":221},"12":{"loc":{"start":{"line":225,"column":27},"end":{"line":225,"column":51}},"type":"binary-expr","locations":[{"start":{"line":225,"column":27},"end":{"line":225,"column":43}},{"start":{"line":225,"column":47},"end":{"line":225,"column":51}}],"line":225}},"s":{"0":1,"1":1,"2":1,"3":1,"4":1,"5":0,"6":1,"7":1,"8":1,"9":0,"10":0,"11":0,"12":0,"13":0,"14":0,"15":0,"16":0,"17":0,"18":1,"19":1,"20":1,"21":1,"22":0,"23":1,"24":1,"25":1,"26":1,"27":1,"28":1,"29":1,"30":0,"31":0,"32":0,"33":1,"34":0,"35":0,"36":0,"37":0,"38":0,"39":0,"40":0,"41":0,"42":0,"43":0,"44":0,"45":0,"46":0,"47":0,"48":0,"49":0,"50":0,"51":0,"52":0,"53":0,"54":0,"55":0,"56":0,"57":0,"58":0,"59":0,"60":0,"61":0,"62":0,"63":0,"64":0,"65":0,"66":0,"67":0,"68":0,"69":0,"70":0,"71":0,"72":0,"73":2,"74":0,"75":2,"76":2,"77":2,"78":0,"79":2},"f":{"0":1,"1":0,"2":0,"3":1,"4":1,"5":0,"6":0,"7":0,"8":2},"b":{"0":[0,1],"1":[1,0],"2":[1,1],"3":[1,0],"4":[0,1],"5":[1,0],"6":[1,0],"7":[0,0],"8":[0,0],"9":[0,0],"10":[0,0],"11":[0,2],"12":[2,0]},"inputSourceMap":null,"_coverageSchema":"1a1c01bbd47fc00a2c39e90264f33305004495a9","hash":"fdb76cb9b1fb3c13faa3f0f1b297c2ff62b6673a"}
,"C:\\Users\\Lucky\\Downloads\\FinLit\\FinLit\\models\\Quiz.js": {"path":"C:\\Users\\Lucky\\Downloads\\FinLit\\FinLit\\models\\Quiz.js","statementMap":{"0":{"start":{"line":4,"column":13},"end":{"line":286,"column":1}},"1":{"start":{"line":7,"column":4},"end":{"line":75,"column":5}},"2":{"start":{"line":8,"column":25},"end":{"line":8,"column":40}},"3":{"start":{"line":11,"column":6},"end":{"line":11,"column":48}},"4":{"start":{"line":13,"column":6},"end":{"line":71,"column":7}},"5":{"start":{"line":15,"column":27},"end":{"line":27,"column":9}},"6":{"start":{"line":29,"column":23},"end":{"line":29,"column":40}},"7":{"start":{"line":32,"column":8},"end":{"line":60,"column":9}},"8":{"start":{"line":33,"column":10},"end":{"line":59,"column":11}},"9":{"start":{"line":33,"column":23},"end":{"line":33,"column":24}},"10":{"start":{"line":34,"column":29},"end":{"line":34,"column":50}},"11":{"start":{"line":37,"column":26},"end":{"line":37,"column":30}},"12":{"start":{"line":38,"column":12},"end":{"line":40,"column":13}},"13":{"start":{"line":39,"column":14},"end":{"line":39,"column":57}},"14":{"start":{"line":42,"column":12},"end":{"line":58,"column":14}},"15":{"start":{"line":63,"column":8},"end":{"line":63,"column":39}},"16":{"start":{"line":66,"column":8},"end":{"line":66,"column":43}},"17":{"start":{"line":69,"column":8},"end":{"line":69,"column":41}},"18":{"start":{"line":70,"column":8},"end":{"line":70,"column":18}},"19":{"start":{"line":73,"column":6},"end":{"line":73,"column":51}},"20":{"start":{"line":74,"column":6},"end":{"line":74,"column":18}},"21":{"start":{"line":80,"column":4},"end":{"line":121,"column":5}},"22":{"start":{"line":81,"column":25},"end":{"line":81,"column":40}},"23":{"start":{"line":84,"column":19},"end":{"line":87,"column":7}},"24":{"start":{"line":89,"column":6},"end":{"line":89,"column":29}},"25":{"start":{"line":89,"column":17},"end":{"line":89,"column":29}},"26":{"start":{"line":92,"column":24},"end":{"line":95,"column":7}},"27":{"start":{"line":98,"column":28},"end":{"line":115,"column":7}},"28":{"start":{"line":104,"column":39},"end":{"line":112,"column":9}},"29":{"start":{"line":117,"column":6},"end":{"line":117,"column":27}},"30":{"start":{"line":119,"column":6},"end":{"line":119,"column":56}},"31":{"start":{"line":120,"column":6},"end":{"line":120,"column":18}},"32":{"start":{"line":126,"column":4},"end":{"line":142,"column":5}},"33":{"start":{"line":127,"column":25},"end":{"line":127,"column":40}},"34":{"start":{"line":130,"column":19},"end":{"line":133,"column":7}},"35":{"start":{"line":135,"column":6},"end":{"line":135,"column":29}},"36":{"start":{"line":135,"column":17},"end":{"line":135,"column":29}},"37":{"start":{"line":138,"column":6},"end":{"line":138,"column":42}},"38":{"start":{"line":140,"column":6},"end":{"line":140,"column":63}},"39":{"start":{"line":141,"column":6},"end":{"line":141,"column":18}},"40":{"start":{"line":147,"column":4},"end":{"line":248,"column":5}},"41":{"start":{"line":148,"column":25},"end":{"line":148,"column":40}},"42":{"start":{"line":151,"column":6},"end":{"line":151,"column":48}},"43":{"start":{"line":153,"column":6},"end":{"line":244,"column":7}},"44":{"start":{"line":155,"column":29},"end":{"line":158,"column":9}},"45":{"start":{"line":160,"column":8},"end":{"line":162,"column":9}},"46":{"start":{"line":161,"column":10},"end":{"line":161,"column":44}},"47":{"start":{"line":165,"column":8},"end":{"line":195,"column":9}},"48":{"start":{"line":166,"column":29},"end":{"line":166,"column":31}},"49":{"start":{"line":167,"column":25},"end":{"line":167,"column":27}},"50":{"start":{"line":169,"column":10},"end":{"line":172,"column":11}},"51":{"start":{"line":170,"column":12},"end":{"line":170,"column":41}},"52":{"start":{"line":171,"column":12},"end":{"line":171,"column":39}},"53":{"start":{"line":174,"column":10},"end":{"line":177,"column":11}},"54":{"start":{"line":175,"column":12},"end":{"line":175,"column":48}},"55":{"start":{"line":176,"column":12},"end":{"line":176,"column":46}},"56":{"start":{"line":179,"column":10},"end":{"line":182,"column":11}},"57":{"start":{"line":180,"column":12},"end":{"line":180,"column":49}},"58":{"start":{"line":181,"column":12},"end":{"line":181,"column":46}},"59":{"start":{"line":185,"column":10},"end":{"line":185,"column":44}},"60":{"start":{"line":186,"column":10},"end":{"line":186,"column":48}},"61":{"start":{"line":189,"column":10},"end":{"line":189,"column":26}},"62":{"start":{"line":191,"column":10},"end":{"line":194,"column":12}},"63":{"start":{"line":198,"column":8},"end":{"line":233,"column":9}},"64":{"start":{"line":200,"column":10},"end":{"line":203,"column":12}},"65":{"start":{"line":206,"column":10},"end":{"line":232,"column":11}},"66":{"start":{"line":206,"column":23},"end":{"line":206,"column":24}},"67":{"start":{"line":207,"column":29},"end":{"line":207,"column":49}},"68":{"start":{"line":210,"column":26},"end":{"line":210,"column":30}},"69":{"start":{"line":211,"column":12},"end":{"line":213,"column":13}},"70":{"start":{"line":212,"column":14},"end":{"line":212,"column":57}},"71":{"start":{"line":215,"column":12},"end":{"line":231,"column":14}},"72":{"start":{"line":236,"column":8},"end":{"line":236,"column":39}},"73":{"start":{"line":239,"column":8},"end":{"line":239,"column":39}},"74":{"start":{"line":242,"column":8},"end":{"line":242,"column":41}},"75":{"start":{"line":243,"column":8},"end":{"line":243,"column":18}},"76":{"start":{"line":246,"column":6},"end":{"line":246,"column":51}},"77":{"start":{"line":247,"column":6},"end":{"line":247,"column":18}},"78":{"start":{"line":253,"column":4},"end":{"line":284,"column":5}},"79":{"start":{"line":254,"column":25},"end":{"line":254,"column":40}},"80":{"start":{"line":257,"column":6},"end":{"line":257,"column":48}},"81":{"start":{"line":259,"column":6},"end":{"line":280,"column":7}},"82":{"start":{"line":261,"column":8},"end":{"line":264,"column":10}},"83":{"start":{"line":267,"column":8},"end":{"line":270,"column":10}},"84":{"start":{"line":273,"column":8},"end":{"line":273,"column":39}},"85":{"start":{"line":275,"column":8},"end":{"line":275,"column":20}},"86":{"start":{"line":278,"column":8},"end":{"line":278,"column":41}},"87":{"start":{"line":279,"column":8},"end":{"line":279,"column":18}},"88":{"start":{"line":282,"column":6},"end":{"line":282,"column":51}},"89":{"start":{"line":283,"column":6},"end":{"line":283,"column":18}}},"fnMap":{"0":{"name":"(anonymous_0)","decl":{"start":{"line":6,"column":10},"end":{"line":6,"column":11}},"loc":{"start":{"line":6,"column":30},"end":{"line":76,"column":3}},"line":6},"1":{"name":"(anonymous_1)","decl":{"start":{"line":79,"column":12},"end":{"line":79,"column":13}},"loc":{"start":{"line":79,"column":26},"end":{"line":122,"column":3}},"line":79},"2":{"name":"(anonymous_2)","decl":{"start":{"line":104,"column":33},"end":{"line":104,"column":34}},"loc":{"start":{"line":104,"column":39},"end":{"line":112,"column":9}},"line":104},"3":{"name":"(anonymous_3)","decl":{"start":{"line":125,"column":18},"end":{"line":125,"column":19}},"loc":{"start":{"line":125,"column":38},"end":{"line":143,"column":3}},"line":125},"4":{"name":"(anonymous_4)","decl":{"start":{"line":146,"column":10},"end":{"line":146,"column":11}},"loc":{"start":{"line":146,"column":33},"end":{"line":249,"column":3}},"line":146},"5":{"name":"(anonymous_5)","decl":{"start":{"line":252,"column":10},"end":{"line":252,"column":11}},"loc":{"start":{"line":252,"column":24},"end":{"line":285,"column":3}},"line":252}},"branchMap":{"0":{"loc":{"start":{"line":21,"column":12},"end":{"line":21,"column":43}},"type":"binary-expr","locations":[{"start":{"line":21,"column":12},"end":{"line":21,"column":26}},{"start":{"line":21,"column":30},"end":{"line":21,"column":43}}],"line":21},"1":{"loc":{"start":{"line":22,"column":12},"end":{"line":22,"column":74}},"type":"binary-expr","locations":[{"start":{"line":22,"column":12},"end":{"line":22,"column":33}},{"start":{"line":22,"column":37},"end":{"line":22,"column":74}}],"line":22},"2":{"loc":{"start":{"line":23,"column":12},"end":{"line":23,"column":39}},"type":"binary-expr","locations":[{"start":{"line":23,"column":12},"end":{"line":23,"column":33}},{"start":{"line":23,"column":37},"end":{"line":23,"column":39}}],"line":23},"3":{"loc":{"start":{"line":32,"column":8},"end":{"line":60,"column":9}},"type":"if","locations":[{"start":{"line":32,"column":8},"end":{"line":60,"column":9}},{"start":{},"end":{}}],"line":32},"4":{"loc":{"start":{"line":32,"column":12},"end":{"line":32,"column":78}},"type":"binary-expr","locations":[{"start":{"line":32,"column":12},"end":{"line":32,"column":45}},{"start":{"line":32,"column":49},"end":{"line":32,"column":78}}],"line":32},"5":{"loc":{"start":{"line":38,"column":12},"end":{"line":40,"column":13}},"type":"if","locations":[{"start":{"line":38,"column":12},"end":{"line":40,"column":13}},{"start":{},"end":{}}],"line":38},"6":{"loc":{"start":{"line":49,"column":16},"end":{"line":49,"column":50}},"type":"binary-expr","locations":[{"start":{"line":49,"column":16},"end":{"line":49,"column":29}},{"start":{"line":49,"column":33},"end":{"line":49,"column":50}}],"line":49},"7":{"loc":{"start":{"line":53,"column":16},"end":{"line":53,"column":42}},"type":"binary-expr","locations":[{"start":{"line":53,"column":16},"end":{"line":53,"column":36}},{"start":{"line":53,"column":40},"end":{"line":53,"column":42}}],"line":53},"8":{"loc":{"start":{"line":89,"column":6},"end":{"line":89,"column":29}},"type":"if","locations":[{"start":{"line":89,"column":6},"end":{"line":89,"column":29}},{"start":{},"end":{}}],"line":89},"9":{"loc":{"start":{"line":108,"column":30},"end":{"line":108,"column":47}},"type":"binary-expr","locations":[{"start":{"line":108,"column":30},"end":{"line":108,"column":39}},{"start":{"line":108,"column":43},"end":{"line":108,"column":47}}],"line":108},"10":{"loc":{"start":{"line":135,"column":6},"end":{"line":135,"column":29}},"type":"if","locations":[{"start":{"line":135,"column":6},"end":{"line":135,"column":29}},{"start":{},"end":{}}],"line":135},"11":{"loc":{"start":{"line":160,"column":8},"end":{"line":162,"column":9}},"type":"if","locations":[{"start":{"line":160,"column":8},"end":{"line":162,"column":9}},{"start":{},"end":{}}],"line":160},"12":{"loc":{"start":{"line":165,"column":8},"end":{"line":195,"column":9}},"type":"if","locations":[{"start":{"line":165,"column":8},"end":{"line":195,"column":9}},{"start":{},"end":{}}],"line":165},"13":{"loc":{"start":{"line":165,"column":12},"end":{"line":165,"column":73}},"type":"binary-expr","locations":[{"start":{"line":165,"column":12},"end":{"line":165,"column":25}},{"start":{"line":165,"column":29},"end":{"line":165,"column":49}},{"start":{"line":165,"column":53},"end":{"line":165,"column":73}}],"line":165},"14":{"loc":{"start":{"line":169,"column":10},"end":{"line":172,"column":11}},"type":"if","locations":[{"start":{"line":169,"column":10},"end":{"line":172,"column":11}},{"start":{},"end":{}}],"line":169},"15":{"loc":{"start":{"line":174,"column":10},"end":{"line":177,"column":11}},"type":"if","locations":[{"start":{"line":174,"column":10},"end":{"line":177,"column":11}},{"start":{},"end":{}}],"line":174},"16":{"loc":{"start":{"line":179,"column":10},"end":{"line":182,"column":11}},"type":"if","locations":[{"start":{"line":179,"column":10},"end":{"line":182,"column":11}},{"start":{},"end":{}}],"line":179},"17":{"loc":{"start":{"line":198,"column":8},"end":{"line":233,"column":9}},"type":"if","locations":[{"start":{"line":198,"column":8},"end":{"line":233,"column":9}},{"start":{},"end":{}}],"line":198},"18":{"loc":{"start":{"line":198,"column":12},"end":{"line":198,"column":76}},"type":"binary-expr","locations":[{"start":{"line":198,"column":12},"end":{"line":198,"column":44}},{"start":{"line":198,"column":48},"end":{"line":198,"column":76}}],"line":198},"19":{"loc":{"start":{"line":211,"column":12},"end":{"line":213,"column":13}},"type":"if","locations":[{"start":{"line":211,"column":12},"end":{"line":213,"column":13}},{"start":{},"end":{}}],"line":211},"20":{"loc":{"start":{"line":222,"column":16},"end":{"line":222,"column":50}},"type":"binary-expr","locations":[{"start":{"line":222,"column":16},"end":{"line":222,"column":29}},{"start":{"line":222,"column":33},"end":{"line":222,"column":50}}],"line":222},"21":{"loc":{"start":{"line":226,"column":16},"end":{"line":226,"column":42}},"type":"binary-expr","locations":[{"start":{"line":226,"column":16},"end":{"line":226,"column":36}},{"start":{"line":226,"column":40},"end":{"line":226,"column":42}}],"line":226}},"s":{"0":1,"1":2,"2":2,"3":2,"4":2,"5":2,"6":1,"7":1,"8":1,"9":1,"10":1,"11":1,"12":1,"13":1,"14":1,"15":1,"16":1,"17":1,"18":1,"19":1,"20":1,"21":1,"22":1,"23":1,"24":1,"25":0,"26":1,"27":1,"28":1,"29":1,"30":0,"31":0,"32":0,"33":0,"34":0,"35":0,"36":0,"37":0,"38":0,"39":0,"40":0,"41":0,"42":0,"43":0,"44":0,"45":0,"46":0,"47":0,"48":0,"49":0,"50":0,"51":0,"52":0,"53":0,"54":0,"55":0,"56":0,"57":0,"58":0,"59":0,"60":0,"61":0,"62":0,"63":0,"64":0,"65":0,"66":0,"67":0,"68":0,"69":0,"70":0,"71":0,"72":0,"73":0,"74":0,"75":0,"76":0,"77":0,"78":0,"79":0,"80":0,"81":0,"82":0,"83":0,"84":0,"85":0,"86":0,"87":0,"88":0,"89":0},"f":{"0":2,"1":1,"2":1,"3":0,"4":0,"5":0},"b":{"0":[2,0],"1":[2,2],"2":[2,1]
[...]
e":125,"column":31},"end":{"line":128,"column":7}},"70":{"start":{"line":130,"column":18},"end":{"line":130,"column":42}},"71":{"start":{"line":131,"column":6},"end":{"line":153,"column":7}},"72":{"start":{"line":132,"column":8},"end":{"line":138,"column":10}},"73":{"start":{"line":140,"column":8},"end":{"line":152,"column":10}},"74":{"start":{"line":156,"column":6},"end":{"line":161,"column":7}},"75":{"start":{"line":157,"column":26},"end":{"line":157,"column":42}},"76":{"start":{"line":158,"column":24},"end":{"line":158,"column":57}},"77":{"start":{"line":159,"column":25},"end":{"line":159,"column":41}},"78":{"start":{"line":160,"column":8},"end":{"line":160,"column":53}},"79":{"start":{"line":162,"column":6},"end":{"line":162,"column":61}},"80":{"start":{"line":164,"column":6},"end":{"line":164,"column":62}},"81":{"start":{"line":165,"column":6},"end":{"line":165,"column":89}},"82":{"start":{"line":170,"column":2},"end":{"line":286,"column":5}},"83":{"start":{"line":171,"column":4},"end":{"line":285,"column":5}},"84":{"start":{"line":172,"column":35},"end":{"line":172,"column":45}},"85":{"start":{"line":173,"column":25},"end":{"line":173,"column":40}},"86":{"start":{"line":176,"column":24},"end":{"line":179,"column":7}},"87":{"start":{"line":180,"column":6},"end":{"line":187,"column":7}},"88":{"start":{"line":181,"column":8},"end":{"line":186,"column":10}},"89":{"start":{"line":189,"column":21},"end":{"line":189,"column":62}},"90":{"start":{"line":190,"column":6},"end":{"line":192,"column":7}},"91":{"start":{"line":191,"column":8},"end":{"line":191,"column":69}},"92":{"start":{"line":195,"column":23},"end":{"line":195,"column":71}},"93":{"start":{"line":196,"column":23},"end":{"line":230,"column":7}},"94":{"start":{"line":198,"column":26},"end":{"line":198,"column":66}},"95":{"start":{"line":199,"column":33},"end":{"line":222,"column":11}},"96":{"start":{"line":201,"column":27},"end":{"line":204,"column":15}},"97":{"start":{"line":205,"column":14},"end":{"line":220,"column":16}},"98":{"start":{"line":223,"column":10},"end":{"line":228,"column":12}},"99":{"start":{"line":233,"column":29},"end":{"line":233,"column":30}},"100":{"start":{"line":234,"column":25},"end":{"line":234,"column":26}},"101":{"start":{"line":235,"column":6},"end":{"line":242,"column":9}},"102":{"start":{"line":236,"column":8},"end":{"line":241,"column":11}},"103":{"start":{"line":237,"column":10},"end":{"line":237,"column":25}},"104":{"start":{"line":238,"column":10},"end":{"line":240,"column":11}},"105":{"start":{"line":239,"column":12},"end":{"line":239,"column":31}},"106":{"start":{"line":243,"column":30},"end":{"line":243,"column":104}},"107":{"start":{"line":246,"column":26},"end":{"line":246,"column":30}},"108":{"start":{"line":247,"column":25},"end":{"line":247,"column":29}},"109":{"start":{"line":248,"column":29},"end":{"line":248,"column":76}},"110":{"start":{"line":248,"column":58},"end":{"line":248,"column":75}},"111":{"start":{"line":249,"column":6},"end":{"line":259,"column":7}},"112":{"start":{"line":250,"column":30},"end":{"line":250,"column":84}},"113":{"start":{"line":250,"column":66},"end":{"line":250,"column":83}},"114":{"start":{"line":251,"column":8},"end":{"line":257,"column":9}},"115":{"start":{"line":252,"column":10},"end":{"line":256,"column":11}},"116":{"start":{"line":253,"column":12},"end":{"line":253,"column":39}},"117":{"start":{"line":254,"column":12},"end":{"line":254,"column":37}},"118":{"start":{"line":255,"column":12},"end":{"line":255,"column":18}},"119":{"start":{"line":258,"column":8},"end":{"line":258,"column":32}},"120":{"start":{"line":258,"column":26},"end":{"line":258,"column":32}},"121":{"start":{"line":262,"column":6},"end":{"line":265,"column":8}},"122":{"start":{"line":266,"column":6},"end":{"line":273,"column":7}},"123":{"start":{"line":267,"column":8},"end":{"line":272,"column":10}},"124":{"start":{"line":274,"column":6},"end":{"line":281,"column":9}},"125":{"start":{"line":283,"column":6},"end":{"line":283,"column":62}},"126":{"start":{"line":284,"column":6},"end":{"line":284,"column":89}},"127":{"start":{"line":289,"column":2},"end":{"line":357,"column":5}},"128":{"start":{"line":290,"column":4},"end":{"line":356,"column":5}},"129":{"start":{"line":291,"column":42},"end":{"line":291,"column":50}},"130":{"start":{"line":292,"column":6},"end":{"line":294,"column":7}},"131":{"start":{"line":293,"column":8},"end":{"line":293,"column":76}},"132":{"start":{"line":295,"column":19},"end":{"line":295,"column":56}},"133":{"start":{"line":296,"column":6},"end":{"line":298,"column":7}},"134":{"start":{"line":297,"column":8},"end":{"line":297,"column":67}},"135":{"start":{"line":301,"column":27},"end":{"line":301,"column":28}},"136":{"start":{"line":302,"column":6},"end":{"line":308,"column":9}},"137":{"start":{"line":303,"column":8},"end":{"line":307,"column":9}},"138":{"start":{"line":304,"column":10},"end":{"line":306,"column":11}},"139":{"start":{"line":305,"column":12},"end":{"line":305,"column":29}},"140":{"start":{"line":309,"column":20},"end":{"line":309,"column":78}},"141":{"start":{"line":310,"column":21},"end":{"line":310,"column":47}},"142":{"start":{"line":311,"column":25},"end":{"line":311,"column":40}},"143":{"start":{"line":313,"column":28},"end":{"line":326,"column":7}},"144":{"start":{"line":329,"column":6},"end":{"line":344,"column":7}},"145":{"start":{"line":330,"column":25},"end":{"line":330,"column":38}},"146":{"start":{"line":331,"column":8},"end":{"line":339,"column":10}},"147":{"start":{"line":341,"column":23},"end":{"line":341,"column":54}},"148":{"start":{"line":342,"column":24},"end":{"line":342,"column":64}},"149":{"start":{"line":343,"column":8},"end":{"line":343,"column":61}},"150":{"start":{"line":345,"column":6},"end":{"line":352,"column":9}},"151":{"start":{"line":354,"column":6},"end":{"line":354,"column":53}},"152":{"start":{"line":355,"column":6},"end":{"line":355,"column":87}},"153":{"start":{"line":361,"column":4},"end":{"line":398,"column":5}},"154":{"start":{"line":362,"column":25},"end":{"line":362,"column":40}},"155":{"start":{"line":363,"column":22},"end":{"line":369,"column":7}},"156":{"start":{"line":370,"column":37},"end":{"line":377,"column":7}},"157":{"start":{"line":378,"column":27},"end":{"line":378,"column":41}},"158":{"start":{"line":379,"column":24},"end":{"line":379,"column":61}},"159":{"start":{"line":380,"column":23},"end":{"line":380,"column":90}},"160":{"start":{"line":382,"column":6},"end":{"line":385,"column":8}},"161":{"start":{"line":386,"column":6},"end":{"line":393,"column":7}},"162":{"start":{"line":387,"column":8},"end":{"line":392,"column":10}},"163":{"start":{"line":394,"column":6},"end":{"line":394,"column":22}},"164":{"start":{"line":396,"column":6},"end":{"line":396,"column":62}},"165":{"start":{"line":397,"column":6},"end":{"line":397,"column":18}}},"fnMap":{"0":{"name":"setupCourseRoutes","decl":{"start":{"line":7,"column":16},"end":{"line":7,"column":33}},"loc":{"start":{"line":7,"column":39},"end":{"line":400,"column":1}},"line":7},"1":{"name":"(anonymous_1)","decl":{"start":{"line":9,"column":26},"end":{"line":9,"column":27}},"loc":{"start":{"line":9,"column":46},"end":{"line":24,"column":3}},"line":9},"2":{"name":"(anonymous_2)","decl":{"start":{"line":27,"column":36},"end":{"line":27,"column":37}},"loc":{"start":{"line":27,"column":56},"end":{"line":43,"column":3}},"line":27},"3":{"name":"(anonymous_3)","decl":{"start":{"line":46,"column":45},"end":{"line":46,"column":46}},"loc":{"start":{"line":46,"column":65},"end":{"line":76,"column":3}},"line":46},"4":{"name":"(anonymous_4)","decl":{"start":{"line":56,"column":21},"end":{"line":56,"column":22}},"loc":{"start":{"line":56,"column":40},"end":{"line":68,"column":9}},"line":56},"5":{"name":"(anonymous_5)","decl":{"start":{"line":59,"column":48},"end":{"line":59,"column":49}},"loc":{"start":{"line":59,"column":59},"end":{"line":63,"column":11}},"line":59},"6":{"name":"(anonymous_6)","decl":{"start":{"line":79,"column":36},"end":{"line":79,"column":37}},"loc":{"start":{"line":79,"column":56},"end":{"line":92,"column":3}},"line":79},"7":{"name":"(anonymous_7)","decl":{"start":{"line":95,"column":38},"end":{"line":95,"column":39}},"loc":{"start":{"line":95,"column":58},"end":{"line":108,"column":3}},"line":95},"8":{"name":"(anonymous_8)","decl":{"start":{"line":111,"column":35},"end":{"line":111,"column":36}},"loc":{"start":{"line":111,"column":55},"end":{"line":167,"column":3}},"line":111},"9":{"name":"(anonymous_9)","decl":{"start":{"line":170,"column":59},"end":{"line":170,"column":60}},"loc":{"start":{"line":170,"column":79},"end":{"line":286,"column":3}},"line":170},"10":{"name":"(anonymous_10)","decl":{"start":{"line":197,"column":21},"end":{"line":197,"column":22}},"loc":{"start":{"line":197,"column":40},"end":{"line":229,"column":9}},"line":197},"11":{"name":"(anonymous_11)","decl":{"start":{"line":200,"column":24},"end":{"line":200,"column":25}},"loc":{"start":{"line":200,"column":42},"end":{"line":221,"column":13}},"line":200},"12":{"name":"(anonymous_12)","decl":{"start":{"line":235,"column":23},"end":{"line":235,"column":24}},"loc":{"start":{"line":235,"column":34},"end":{"line":242,"column":7}},"line":235},"13":{"name":"(anonymous_13)","decl":{"start":{"line":236,"column":32},"end":{"line":236,"column":33}},"loc":{"start":{"line":236,"column":42},"end":{"line":241,"column":9}},"line":236},"14":{"name":"(anonymous_14)","decl":{"start":{"line":248,"column":48},"end":{"line":248,"column":49}},"loc":{"start":{"line":248,"column":58},"end":{"line":248,"column":75}},"line":248},"15":{"name":"(anonymous_15)","decl":{"start":{"line":250,"column":56},"end":{"line":250,"column":57}},"loc":{"start":{"line":250,"column":66},"end":{"line":250,"column":83}},"line":250},"16":{"name":"(anonymous_16)","decl":{"start":{"line":289,"column":33},"end":{"line":289,"column":34}},"loc":{"start":{"line":289,"column":53},"end":{"line":357,"column":3}},"line":289},"17":{"name":"(anonymous_17)","decl":{"start":{"line":302,"column":29},"end":{"line":302,"column":30}},"loc":{"start":{"line":302,"column":50},"end":{"line":308,"column":7}},"line":302},"18":{"name":"updateCourseProgress","decl":{"start":{"line":360,"column":17},"end":{"line":360,"column":37}},"loc":{"start":{"line":360,"column":56},"end":{"line":399,"column":3}},"line":360}},"branchMap":{"0":{"loc":{"start":{"line":13,"column":6},"end":{"line":13,"column":58}},"type":"if","locations":[{"start":{"line":13,"column":6},"end":{"line":13,"column":58}},{"start":{},"end":{}}],"line":13},"1":{"loc":{"start":{"line":13,"column":10},"end":{"line":13,"column":34}},"type":"binary-expr","locations":[{"start":{"line":13,"column":10},"end":{"line":13,"column":15}},{"start":{"line":13,"column":19},"end":{"line":13,"column":34}}],"line":13},"2":{"loc":{"start":{"line":14,"column":6},"end":{"line":14,"column":42}},"type":"if","locations":[{"start":{"line":14,"column":6},"end":{"line":14,"column":42}},{"start":{},"end":{}}],"line":14},"3":{"loc":{"start":{"line":15,"column":6},"end":{"line":15,"column":42}},"type":"if","locations":[{"start":{"line":15,"column":6},"end":{"line":15,"column":42}},{"start":{},"end":{}}],"line":15},"4":{"loc":{"start":{"line":16,"column":6},"end":{"line":16,"column":49}},"type":"if","locations":[{"start":{"line":16,"column":6},"end":{"line":16,"column":49}},{"start":{},"end":{}}],"line":16},"5":{"loc":{"start":{"line":33,"column":6},"end":{"line":36,"column":7}},"type":"if","locations":[{"start":{"line":33,"column":6},"end":{"line":36,"column":7}},{"start":{},"end":{}}],"line":33},"6":{"loc":{"start":{"line":51,"column":6},"end":{"line":53,"column":7}},"type":"if","locations":[{"start":{"line":51,"column":6},"end":{"line":53,"column":7}},{"start":{},"end":{}}],"line":51},"7":{"loc":{"start":{"line":51,"column":10},"end":{"line":51,"column":44}},"type":"binary-expr","locations":[{"start":{"line":51,"column":10},"end":{"line":51,"column":19}},{"start":{"line":51,"column":23},"end":{"line":51,"column":44}}],"line":51},"8":{"loc":{"start":{"line":84,"column":6},"end":{"line":86,"column":7}},"type":"if","locations":[{"start":{"line":84,"column":6},"end":{"line":86,"column":7}},{"start":{},"end":{}}],"line":84},"9":{"loc":{"start":{"line":100,"column":6},"end":{"line":102,"column":7}},"type":"if","locations":[{"start":{"line":100,"column":6},"end":{"line":102,"column":7}},{"start":{},"end":{}}],"line":100},"10":{"loc":{"start":{"line":114,"column":6},"end":{"line":116,"column":7}},"type":"if","locations":[{"start":{"line":114,"column":6},"end":{"line":116,"column":7}},{"start":{},"end":{}}],"line":114},"11":{"loc":{"start":{"line":114,"column":10},"end":{"line":114,"column":41}},"type":"binary-expr","locations":[{"start":{"line":114,"column":10},"end":{"line":114,"column":17}},{"start":{"line":114,"column":21},"end":{"line":114,"column":30}},{"start":{"line":114,"column":34},"end":{"line":114,"column":41}}],"line":114},"12":{"loc":{"start":{"line":120,"column":6},"end":{"line":122,"column":7}},"type":"if","locations":[{"start":{"line":120,"column":6},"end":{"line":122,"column":7}},{"start":{},"end":{}}],"line":120},"13":{"loc":{"start":{"line":131,"column":6},"end":{"line":153,"column":7}},"type":"if","locations":[{"start":{"line":131,"column":6},"end":{"line":153,"column":7}},{"start":{"line":139,"column":13},"end":{"line":153,"column":7}}],"line":131},"14":{"loc":{"start":{"line":150,"column":12},"end":{"line":150,"column":47}},"type":"cond-expr","locations":[{"start":{"line":150,"column":37},"end":{"line":150,"column":40}},{"start":{"line":150,"column":43},"end":{"line":150,"column":47}}],"line":150},"15":{"loc":{"start":{"line":156,"column":6},"end":{"line":161,"column":7}},"type":"if","locations":[{"start":{"line":156,"column":6},"end":{"line":161,"column":7}},{"start":{},"end":{}}],"line":156},"16":{"loc":{"start":{"line":180,"column":6},"end":{"line":187,"column":7}},"type":"if","locations":[{"start":{"line":180,"column":6},"end":{"line":187,"column":7}},{"start":{},"end":{}}],"line":180},"17":{"loc":{"start":{"line":190,"column":6},"end":{"line":192,"column":7}},"type":"if","locations":[{"start":{"line":190,"column":6},"end":{"line":192,"column":7}},{"start":{},"end":{}}],"line":190},"18":{"loc":{"start":{"line":209,"column":26},"end":{"line":219,"column":21}},"type":"cond-expr","locations":[{"start":{"line":210,"column":20},"end":{"line":214,"column":21}},{"start":{"line":215,"column":20},"end":{"line":219,"column":21}}],"line":209},"19":{"loc":{"start":{"line":238,"column":10},"end":{"line":240,"column":11}},"type":"if","locations":[{"start":{"line":238,"column":10},"end":{"line":240,"column":11}},{"start":{},"end":{}}],"line":238},"20":{"loc":{"start":{"line":243,"column":30},"end":{"line":243,"column":104}},"type":"cond-expr","locations":[{"start":{"line":243,"column":49},"end":{"line":243,"column":100}},{"start":{"line":243,"column":103},"end":{"line":243,"column":104}}],"line":243},"21":{"loc":{"start":{"line":252,"column":10},"end":{"line":256,"column":11}},"type":"if","locations":[{"start":{"line":252,"column":10},"end":{"line":256,"column":11}},{"start":{},"end":{}}],"line":252},"22":{"loc":{"start":{"line":258,"column":8},"end":{"line":258,"column":32}},"type":"if","locations":[{"start":{"line":258,"column":8},"end":{"line":258,"column":32}},{"start":{},"end":{}}],"line":258},"23":{"loc":{"start":{"line":266,"column":6},"end":{"line":273,"column":7}},"type":"if","locations":[{"start":{"line":266,"column":6},"end":{"line":273,"column":7}},{"start":{},"end":{}}],"line":266},"24":{"loc":{"start":{"line":266,"column":10},"end":{"line":266,"column":63}},"type":"binary-expr","locations":[{"start":{"line":266,"column":10},"end":{"line":266,"column":43}},{"start":{"line":266,"column":47},"end":{"line":266,"column":63}}],"line":266},"25":{"loc":{"start":{"line":292,"column":6},"end":{"line":294,"column":7}},"type":"if","locations":[{"start":{"line":292,"column":6},"end":{"line":294,"column":7}},{"start":{},"end":{}}],"line":292},"26":{"loc":{"start":{"line":292,"column":10},"end":{"line":292,"column":55}},"type":"binary-expr","locations":[{"start":{"line":292,"column":10},"end":{"line":292,"column":17}},{"start":{"line":292,"column":21},"end":{"line":292,"column":28}},{"start":{"line":292,"column":32},"end":{"line":292,"column":55}}],"line":292},"27":{"loc":{"start":{"line":296,"column":6},"end":{"line":298,"column":7}},"type":"if","locations":[{"start":{"line":296,"column":6},"end":{"line":298,"column":7}},{"start":{},"end":{}}],"line":296},"28":{"loc":{"start":{"line":303,"column":8},"end":{"line":307,"column":9}},"type":"if","locations":[{"start":{"line":303,"column":8},"end":{"line":307,"column":9}},{"start":{},"end":{}}],"line":303},"29":{"loc":{"start":{"line":304,"column":10},"end":{"line":306,"column":11}},"type":"if","locations":[{"start":{"line":304,"column":10},"end":{"line":306,"column":11}},{"start":{},"end":{}}],"line":304},"30":{"loc":{"start":{"line":321,"column":10},"end":{"line":321,"column":24}},"type":"cond-expr","locations":[{"start":{"line":321,"column":19},"end":{"line":321,"column":20}},{"start":{"line":321,"column":23},"end":{"line":321,"column":24}}],"line":321},"31":{"loc":{"start":{"line":329,"column":6},"end":{"line":344,"column":7}},"type":"if","locations":[{"start":{"line":329,"column":6},"end":{"line":344,"column":7}},{"start":{},"end":{}}],"line":329},"32":{"loc":{"start":{"line":379,"column":24},"end":{"line":379,"column":61}},"type":"binary-expr","locations":[{"start":{"line":379,"column":24},"end":{"line":379,"column":56}},{"start":{"line":379,"column":60},"end":{"line":379,"column":61}}],"line":379},"33":{"loc":{"start":{"line":380,"column":23},"end":{"line":380,"column":90}},"type":"cond-expr","locations":[{"start":{"line":380,"column":42},"end":{"line":380,"column":86}},{"start":{"line":380,"column":89},"end":{"line":380,"column":90}}],"line":380},"34":{"loc":{"start":{"line":386,"column":6},"end":{"line":393,"column":7}},"type":"if","locations":[{"start":{"line":386,"column":6},"end":{"line":393,"column":7}},{"start":{},"end":{}}],"line":386}},"s":{"0":5,"1":0,"2":0,"3":0,"4":0,"5":0,"6":0,"7":0,"8":0,"9":0,"10":0,"11":0,"12":0,"13":0,"14":0,"15":0,"16":5,"17":0,"18":0,"19":0,"20":0,"21":0,"22":0,"23":0,"24":0,"25":0,"26":0,"27":0,"28":5,"29":0,"30":0,"31":0,"32":0,"33":0,"34":0,"35":0,"36":0,"37":0,"38":0,"39":0,"40":0,"41":0,"42":5,"43":0,"44":0,"45":0,"46":0,"47":0,"48":0,"49":0,"50":0,"51":5,"52":0,"53":0,"54":0,"55":0,"56":0,"57":0,"58":0,"59":0,"60":5,"61":2,"62":2,"63":2,"64":0,"65":2,"66":2,"67":1,"68":1,"69":1,"70":1,"71":1,"72":0,"73":1,"74":1,"75":1,"76":1,"77":1,"78":1,"79":1,"80":0,"81":0,"82":5,"83":1,"84":1,"85":1,"86":1,"87":1,"88":1,"89":1,"90":1,"91":0,"92":1,"93":0,"94":0,"95":0,"96":0,"97":0,"98":0,"99":0,"100":0,"101":0,"102":0,"103":0,"104":0,"105":0,"106":0,"107":0,"108":0,"109":0,"110":0,"111":0,"112":0,"113":0,"114":0,"115":0,"116":0,"117":0,"118":0,"119":0,"120":0,"121":0,"122":0,"123":0,"124":0,"125":1,"126":1,"127":5,"128":2,"129":2,"130":2,"131":0,"132":2,"133":2,"134":0,"135":2,"136":2,"137":6,"138":5,"139":5,"140":2,"141":2,"142":2,"143":2,"144":2,"145":1,"146":1,"147":1,"148":1,"149":1,"150":2,"151":0,"152":0,"153":2,"154":2,"155":2,"156":2,"157":2,"158":2,"159":2,"160":2,"161":2,"162":0,"163":2,"164":0,"165":0},"f":{"0":5,"1":0,"2":0,"3":0,"4":0,"5":0,"6":0,"7":0,"8":2,"9":1,"10":0,"11":0,"12":0,"13":0,"14":0,"15":0,"16":2,"17":6,"18":2},"b":{"0":[0,0],"1":[0,0],"2":[0,0],"3":[0,0],"4":[0,0],"5":[0,0],"6":[0,0],"7":[0,0],"8":[0,0],"9":[0,0],"10":[0,2],"11":[2,2,2],"12":[1,1],"13":[0,1],"14":[1,0],"15":[1,0],"16":[1,0],"17":[0,1],"18":[0,0],"19":[0,0],"20":[0,0],"21":[0,0],"22":[0,0],"23":[0,0],"24":[0,0],"25":[0,2],"26":[2,2,2],"27":[0,2],"28":[5,1],"29":[5,0],"30":[1,1],"31":[1,1],"32":[2,0],"33":[2,0],"34":[0,2]},"inputSourceMap":null,"_coverageSchema":"1a1c01bbd47fc00a2c39e90264f33305004495a9","hash":"4eb237bcfdfd117f755c3496279b4bcf767fc0fd"}
}
