TN:
SF:models\Achievement.js
FN:5,(anonymous_0)
FN:42,(anonymous_1)
FN:50,(anonymous_2)
FN:58,(anonymous_3)
FN:67,(anonymous_4)
FN:75,(anonymous_5)
FN:92,(anonymous_6)
FN:99,(anonymous_7)
FN:121,(anonymous_8)
FN:138,(anonymous_9)
FN:150,(anonymous_10)
FN:170,(anonymous_11)
FN:283,(anonymous_12)
FN:300,(anonymous_13)
FN:308,(anonymous_14)
FN:521,processAchievementData
FNF:16
FNH:7
FNDA:18,(anonymous_0)
FNDA:0,(anonymous_1)
FNDA:0,(anonymous_2)
FNDA:0,(anonymous_3)
FNDA:0,(anonymous_4)
FNDA:2,(anonymous_5)
FNDA:0,(anonymous_6)
FNDA:0,(anonymous_7)
FNDA:0,(anonymous_8)
FNDA:1,(anonymous_9)
FNDA:2,(anonymous_10)
FNDA:2,(anonymous_11)
FNDA:0,(anonymous_12)
FNDA:0,(anonymous_13)
FNDA:1,(anonymous_14)
FNDA:24,processAchievementData
DA:3,1
DA:6,18
DA:7,18
DA:9,18
DA:29,18
DA:34,18
DA:36,0
DA:37,0
DA:43,0
DA:44,0
DA:46,0
DA:50,0
DA:52,0
DA:53,0
DA:59,0
DA:60,0
DA:62,0
DA:67,0
DA:69,0
DA:70,0
DA:76,2
DA:77,2
DA:79,2
DA:84,2
DA:86,0
DA:87,0
DA:93,0
DA:94,0
DA:96,0
DA:97,0
DA:98,0
DA:99,0
DA:100,0
DA:101,0
DA:104,0
DA:106,0
DA:107,0
DA:113,0
DA:115,0
DA:116,0
DA:122,0
DA:123,0
DA:125,0
DA:130,0
DA:132,0
DA:133,0
DA:139,1
DA:140,1
DA:142,1
DA:150,1
DA:151,2
DA:152,2
DA:153,2
DA:154,2
DA:155,2
DA:156,2
DA:161,2
DA:164,0
DA:165,0
DA:171,2
DA:172,2
DA:173,2
DA:175,2
DA:176,2
DA:177,2
DA:180,2
DA:181,2
DA:182,0
DA:185,2
DA:191,2
DA:193,2
DA:194,2
DA:201,2
DA:210,2
DA:211,2
DA:212,0
DA:215,2
DA:217,2
DA:233,2
DA:234,2
DA:243,2
DA:249,2
DA:257,2
DA:258,2
DA:261,2
DA:269,2
DA:271,0
DA:272,0
DA:274,0
DA:277,0
DA:278,0
DA:284,0
DA:285,0
DA:287,0
DA:288,0
DA:290,0
DA:300,0
DA:302,0
DA:303,0
DA:309,1
DA:310,1
DA:312,1
DA:313,1
DA:314,0
DA:315,0
DA:318,1
DA:508,1
DA:509,17
DA:512,1
DA:514,0
DA:515,0
DA:522,24
DA:524,22
LF:113
LH:56
BRDA:19,0,0,18
BRDA:19,0,1,0
BRDA:22,1,0,18
BRDA:22,1,1,18
BRDA:23,2,0,18
BRDA:23,2,1,1
BRDA:24,3,0,18
BRDA:24,3,1,1
BRDA:84,4,0,2
BRDA:84,4,1,0
BRDA:106,5,0,0
BRDA:106,5,1,0
BRDA:152,6,0,2
BRDA:152,6,1,0
BRDA:153,7,0,2
BRDA:153,7,1,2
BRDA:170,8,0,2
BRDA:176,9,0,2
BRDA:176,9,1,0
BRDA:181,10,0,0
BRDA:181,10,1,2
BRDA:193,11,0,2
BRDA:193,11,1,0
BRDA:211,12,0,0
BRDA:211,12,1,2
BRDA:211,13,0,2
BRDA:211,13,1,2
BRDA:224,14,0,2
BRDA:224,14,1,0
BRDA:233,15,0,2
BRDA:233,15,1,0
BRDA:233,16,0,2
BRDA:233,16,1,2
BRDA:257,17,0,2
BRDA:257,17,1,0
BRDA:271,18,0,0
BRDA:271,18,1,0
BRDA:313,19,0,0
BRDA:313,19,1,1
BRDA:522,20,0,2
BRDA:522,20,1,22
BRF:41
BRH:26
end_of_record
TN:
SF:models\Challenge.js
FN:6,(anonymous_0)
FN:57,(anonymous_1)
FN:88,(anonymous_2)
FN:96,(anonymous_3)
FN:120,(anonymous_4)
FN:145,(anonymous_5)
FN:193,(anonymous_6)
FN:250,processChallengeData
FNF:8
FNH:8
FNDA:5,(anonymous_0)
FNDA:4,(anonymous_1)
FNDA:4,(anonymous_2)
FNDA:11,(anonymous_3)
FNDA:3,(anonymous_4)
FNDA:3,(anonymous_5)
FNDA:6,(anonymous_6)
FNDA:19,processChallengeData
DA:4,2
DA:7,5
DA:8,5
DA:10,5
DA:11,5
DA:13,5
DA:15,5
DA:36,4
DA:42,4
DA:44,4
DA:47,1
DA:48,1
DA:51,1
DA:52,1
DA:58,4
DA:59,4
DA:60,4
DA:71,4
DA:74,4
DA:75,2
DA:76,2
DA:79,4
DA:82,4
DA:83,2
DA:84,2
DA:87,4
DA:88,4
DA:90,0
DA:91,0
DA:97,11
DA:98,11
DA:99,11
DA:112,11
DA:114,0
DA:115,0
DA:121,3
DA:122,3
DA:124,3
DA:131,3
DA:133,1
DA:137,2
DA:139,0
DA:140,0
DA:146,3
DA:147,3
DA:148,3
DA:149,3
DA:152,3
DA:153,3
DA:155,3
DA:161,3
DA:163,3
DA:164,2
DA:166,2
DA:167,0
DA:168,2
DA:169,1
DA:172,2
DA:180,2
DA:181,1
DA:185,3
DA:187,0
DA:188,0
DA:194,6
DA:195,6
DA:197,6
DA:198,6
DA:200,6
DA:210,5
DA:217,4
DA:218,3
DA:225,1
DA:226,1
DA:234,4
DA:236,4
DA:239,2
DA:240,2
DA:243,2
DA:244,2
DA:251,19
DA:253,19
DA:255,19
DA:256,2
DA:257,2
DA:259,0
DA:260,0
DA:264,19
LF:87
LH:76
BRDA:13,0,0,2
BRDA:13,0,1,3
BRDA:25,1,0,5
BRDA:25,1,1,3
BRDA:27,2,0,5
BRDA:27,2,1,3
BRDA:57,3,0,1
BRDA:74,4,0,2
BRDA:74,4,1,2
BRDA:82,5,0,2
BRDA:82,5,1,2
BRDA:112,6,0,11
BRDA:112,6,1,0
BRDA:131,7,0,1
BRDA:131,7,1,2
BRDA:149,8,0,0
BRDA:149,8,1,3
BRDA:153,9,0,1
BRDA:153,9,1,2
BRDA:163,10,0,2
BRDA:163,10,1,1
BRDA:163,11,0,3
BRDA:163,11,1,3
BRDA:166,12,0,0
BRDA:166,12,1,2
BRDA:168,13,0,1
BRDA:168,13,1,1
BRDA:180,14,0,1
BRDA:180,14,1,1
BRDA:193,15,0,1
BRDA:217,16,0,3
BRDA:217,16,1,1
BRDA:225,17,0,1
BRDA:225,17,1,0
BRDA:251,18,0,0
BRDA:251,18,1,19
BRDA:255,19,0,2
BRDA:255,19,1,17
BRF:38
BRH:33
end_of_record
TN:
SF:models\Chapter.js
FN:10,(anonymous_0)
FN:42,(anonymous_1)
FN:54,(anonymous_2)
FN:61,(anonymous_3)
FN:79,(anonymous_4)
FN:96,(anonymous_5)
FN:110,(anonymous_6)
FN:129,(anonymous_7)
FN:159,(anonymous_8)
FN:195,processChapterData
FNF:10
FNH:5
FNDA:1,(anonymous_0)
FNDA:1,(anonymous_1)
FNDA:2,(anonymous_2)
FNDA:4,(anonymous_3)
FNDA:0,(anonymous_4)
FNDA:0,(anonymous_5)
FNDA:0,(anonymous_6)
FNDA:0,(anonymous_7)
FNDA:0,(anonymous_8)
FNDA:3,processChapterData
DA:8,1
DA:11,1
DA:12,1
DA:14,1
DA:29,1
DA:34,1
DA:36,0
DA:37,0
DA:43,1
DA:44,1
DA:47,1
DA:53,1
DA:55,2
DA:60,2
DA:61,4
DA:67,2
DA:71,1
DA:73,0
DA:74,0
DA:80,0
DA:81,0
DA:83,0
DA:87,0
DA:90,0
DA:95,0
DA:96,0
DA:102,0
DA:104,0
DA:105,0
DA:111,0
DA:112,0
DA:115,0
DA:119,0
DA:120,0
DA:124,0
DA:125,0
DA:127,0
DA:129,0
DA:130,0
DA:131,0
DA:135,0
DA:136,0
DA:139,0
DA:141,0
DA:147,0
DA:151,0
DA:153,0
DA:154,0
DA:160,0
DA:161,0
DA:164,0
DA:166,0
DA:168,0
DA:174,0
DA:180,0
DA:181,0
DA:184,0
DA:185,0
DA:188,0
DA:189,0
DA:196,3
DA:197,3
LF:62
LH:17
BRDA:21,0,0,1
BRDA:21,0,1,0
BRDA:22,1,0,1
BRDA:22,1,1,1
BRDA:87,2,0,0
BRDA:87,2,1,0
BRDA:119,3,0,0
BRDA:119,3,1,0
BRDA:196,4,0,0
BRDA:196,4,1,3
BRF:10
BRH:4
end_of_record
TN:
SF:models\Course.js
FN:7,(anonymous_0)
FN:45,(anonymous_1)
FN:85,(anonymous_2)
FN:93,(anonymous_3)
FN:121,(anonymous_4)
FN:141,(anonymous_5)
FN:173,(anonymous_6)
FN:191,processCoursesData
FNF:8
FNH:4
FNDA:2,(anonymous_0)
FNDA:2,(anonymous_1)
FNDA:2,(anonymous_2)
FNDA:0,(anonymous_3)
FNDA:0,(anonymous_4)
FNDA:0,(anonymous_5)
FNDA:0,(anonymous_6)
FNDA:3,processCoursesData
DA:5,1
DA:8,2
DA:9,2
DA:12,2
DA:32,1
DA:37,1
DA:39,1
DA:40,1
DA:46,2
DA:47,2
DA:50,2
DA:51,2
DA:53,2
DA:54,1
DA:55,1
DA:58,2
DA:59,1
DA:60,1
DA:63,1
DA:64,1
DA:67,2
DA:68,0
DA:69,0
DA:70,0
DA:73,2
DA:78,2
DA:80,2
DA:85,2
DA:87,0
DA:88,0
DA:94,0
DA:95,0
DA:97,0
DA:102,0
DA:105,0
DA:107,0
DA:110,0
DA:113,0
DA:115,0
DA:116,0
DA:122,0
DA:123,0
DA:126,0
DA:131,0
DA:132,0
DA:136,0
DA:137,0
DA:139,0
DA:141,0
DA:142,0
DA:143,0
DA:147,0
DA:148,0
DA:151,0
DA:154,0
DA:160,0
DA:165,0
DA:167,0
DA:168,0
DA:174,0
DA:175,0
DA:177,0
DA:182,0
DA:184,0
DA:185,0
DA:192,3
DA:195,3
LF:67
LH:27
BRDA:20,0,0,2
BRDA:20,0,1,1
BRDA:21,1,0,2
BRDA:21,1,1,1
BRDA:22,2,0,2
BRDA:22,2,1,1
BRDA:23,3,0,2
BRDA:23,3,1,1
BRDA:24,4,0,2
BRDA:24,4,1,1
BRDA:25,5,0,2
BRDA:25,5,1,1
BRDA:45,6,0,1
BRDA:53,7,0,1
BRDA:53,7,1,1
BRDA:53,8,0,2
BRDA:53,8,1,1
BRDA:58,9,0,1
BRDA:58,9,1,1
BRDA:67,10,0,0
BRDA:67,10,1,2
BRDA:73,11,0,2
BRDA:73,11,1,0
BRDA:78,12,0,0
BRDA:78,12,1,2
BRDA:102,13,0,0
BRDA:102,13,1,0
BRDA:131,14,0,0
BRDA:131,14,1,0
BRDA:192,15,0,0
BRDA:192,15,1,3
BRF:31
BRH:23
end_of_record
TN:
SF:models\Leaderboard.js
FN:5,(anonymous_0)
FN:54,(anonymous_1)
FN:69,(anonymous_2)
FN:84,(anonymous_3)
FN:113,(anonymous_4)
FN:126,(anonymous_5)
FNF:6
FNH:6
FNDA:4,(anonymous_0)
FNDA:1,(anonymous_1)
FNDA:2,(anonymous_2)
FNDA:2,(anonymous_3)
FNDA:1,(anonymous_4)
FNDA:2,(anonymous_5)
DA:3,2
DA:6,4
DA:7,4
DA:10,4
DA:15,3
DA:17,2
DA:27,2
DA:37,2
DA:43,2
DA:46,1
DA:48,1
DA:49,1
DA:55,1
DA:56,1
DA:58,1
DA:69,2
DA:78,0
DA:79,0
DA:85,2
DA:86,2
DA:88,2
DA:93,2
DA:95,1
DA:102,1
DA:107,0
DA:108,0
DA:114,1
DA:115,1
DA:117,1
DA:126,2
DA:135,0
DA:136,0
LF:32
LH:26
BRDA:15,0,0,2
BRDA:15,0,1,1
BRDA:15,1,0,3
BRDA:15,1,1,2
BRDA:54,2,0,0
BRDA:75,3,0,2
BRDA:75,3,1,0
BRDA:93,4,0,1
BRDA:93,4,1,1
BRDA:113,5,0,0
BRF:10
BRH:7
end_of_record
TN:
SF:models\Lesson.js
FN:10,(anonymous_0)
FN:50,(anonymous_1)
FN:59,(anonymous_2)
FN:67,(anonymous_3)
FN:97,(anonymous_4)
FN:123,(anonymous_5)
FN:146,(anonymous_6)
FN:176,(anonymous_7)
FN:220,processLessonData
FNF:9
FNH:4
FNDA:1,(anonymous_0)
FNDA:0,(anonymous_1)
FNDA:0,(anonymous_2)
FNDA:1,(anonymous_3)
FNDA:1,(anonymous_4)
FNDA:0,(anonymous_5)
FNDA:0,(anonymous_6)
FNDA:0,(anonymous_7)
FNDA:2,processLessonData
DA:8,1
DA:11,1
DA:12,1
DA:15,1
DA:16,1
DA:17,0
DA:20,1
DA:37,1
DA:42,1
DA:44,0
DA:45,0
DA:51,0
DA:52,0
DA:54,0
DA:59,0
DA:61,0
DA:62,0
DA:68,1
DA:69,1
DA:71,1
DA:76,1
DA:78,1
DA:83,1
DA:85,1
DA:86,1
DA:87,1
DA:92,1
DA:97,1
DA:108,0
DA:109,0
DA:112,0
DA:115,1
DA:117,0
DA:118,0
DA:124,0
DA:125,0
DA:127,0
DA:132,0
DA:133,0
DA:137,0
DA:138,0
DA:141,0
DA:142,0
DA:145,0
DA:146,0
DA:147,0
DA:148,0
DA:152,0
DA:153,0
DA:156,0
DA:158,0
DA:163,0
DA:168,0
DA:170,0
DA:171,0
DA:177,0
DA:178,0
DA:180,0
DA:182,0
DA:183,0
DA:188,0
DA:189,0
DA:194,0
DA:200,0
DA:205,0
DA:207,0
DA:209,0
DA:210,0
DA:213,0
DA:214,0
DA:221,2
DA:223,2
DA:224,2
DA:225,2
DA:227,0
DA:230,2
LF:76
LH:25
BRDA:16,0,0,0
BRDA:16,0,1,1
BRDA:28,1,0,1
BRDA:28,1,1,0
BRDA:30,2,0,1
BRDA:30,2,1,1
BRDA:31,3,0,1
BRDA:31,3,1,0
BRDA:76,4,0,0
BRDA:76,4,1,1
BRDA:85,5,0,1
BRDA:85,5,1,0
BRDA:101,6,0,1
BRDA:101,6,1,0
BRDA:132,7,0,0
BRDA:132,7,1,0
BRDA:137,8,0,0
BRDA:137,8,1,0
BRDA:137,9,0,0
BRDA:137,9,1,0
BRDA:188,10,0,0
BRDA:188,10,1,0
BRDA:221,11,0,0
BRDA:221,11,1,2
BRDA:225,12,0,2
BRDA:225,12,1,0
BRF:26
BRH:10
end_of_record
TN:
SF:models\Quiz.js
FN:6,(anonymous_0)
FN:79,(anonymous_1)
FN:104,(anonymous_2)
FN:125,(anonymous_3)
FN:146,(anonymous_4)
FN:252,(anonymous_5)
FNF:6
FNH:3
FNDA:2,(anonymous_0)
FNDA:1,(anonymous_1)
FNDA:1,(anonymous_2)
FNDA:0,(anonymous_3)
FNDA:0,(anonymous_4)
FNDA:0,(anonymous_5)
DA:4,1
DA:7,2
DA:8,2
DA:11,2
DA:13,2
DA:15,2
DA:29,1
DA:32,1
DA:33,1
DA:34,1
DA:37,1
DA:38,1
DA:39,1
DA:42,1
DA:63,1
DA:66,1
DA:69,1
DA:70,1
DA:73,1
DA:74,1
DA:80,1
DA:81,1
DA:84,1
DA:89,1
DA:92,1
DA:98,1
DA:104,1
DA:117,1
DA:119,0
DA:120,0
DA:126,0
DA:127,0
DA:130,0
DA:135,0
DA:138,0
DA:140,0
DA:141,0
DA:147,0
DA:148,0
DA:151,0
DA:153,0
DA:155,0
DA:160,0
DA:161,0
DA:165,0
DA:166,0
DA:167,0
DA:169,0
DA:170,0
DA:171,0
DA:174,0
DA:175,0
DA:176,0
DA:179,0
DA:180,0
DA:181,0
DA:185,0
DA:186,0
DA:189,0
DA:191,0
DA:198,0
DA:200,0
DA:206,0
DA:207,0
DA:210,0
DA:211,0
DA:212,0
DA:215,0
DA:236,0
DA:239,0
DA:242,0
DA:243,0
DA:246,0
DA:247,0
DA:253,0
DA:254,0
DA:257,0
DA:259,0
DA:261,0
DA:267,0
DA:273,0
DA:275,0
DA:278,0
DA:279,0
DA:282,0
DA:283,0
LF:86
LH:28
BRDA:21,0,0,2
BRDA:21,0,1,0
BRDA:22,1,0,2
BRDA:22,1,1,2
BRDA:23,2,0,2
BRDA:23,2,1,1
BRDA:32,3,0,1
BRDA:32,3,1,0
BRDA:32,4,0,1
BRDA:32,4,1,1
BRDA:38,5,0,1
BRDA:38,5,1,0
BRDA:49,6,0,1
BRDA:49,6,1,0
BRDA:53,7,0,1
BRDA:53,7,1,0
BRDA:89,8,0,0
BRDA:89,8,1,1
BRDA:108,9,0,1
BRDA:108,9,1,0
BRDA:135,10,0,0
BRDA:135,10,1,0
BRDA:160,11,0,0
BRDA:160,11,1,0
BRDA:165,12,0,0
BRDA:165,12,1,0
BRDA:165,13,0,0
BRDA:165,13,1,0
BRDA:165,13,2,0
BRDA:169,14,0,0
BRDA:169,14,1,0
BRDA:174,15,0,0
BRDA:174,15,1,0
BRDA:179,16,0,0
BRDA:179,16,1,0
BRDA:198,17,0,0
BRDA:198,17,1,0
BRDA:198,18,0,0
BRDA:198,18,1,0
BRDA:211,19,0,0
BRDA:211,19,1,0
BRDA:222,20,0,0
BRDA:222,20,1,0
BRDA:226,21,0,0
BRDA:226,21,1,0
BRF:45
BRH:13
end_of_record
TN:
SF:models\Reward.js
FN:5,(anonymous_0)
FN:34,(anonymous_1)
FN:46,(anonymous_2)
FN:61,(anonymous_3)
FN:73,(anonymous_4)
FN:133,(anonymous_5)
FN:144,(anonymous_6)
FN:163,(anonymous_7)
FN:175,(anonymous_8)
FN:185,(anonymous_9)
FN:198,(anonymous_10)
FN:235,(anonymous_11)
FN:272,(anonymous_12)
FN:290,(anonymous_13)
FN:359,processRewardData
FNF:15
FNH:8
FNDA:5,(anonymous_0)
FNDA:0,(anonymous_1)
FNDA:0,(anonymous_2)
FNDA:3,(anonymous_3)
FNDA:2,(anonymous_4)
FNDA:0,(anonymous_5)
FNDA:0,(anonymous_6)
FNDA:0,(anonymous_7)
FNDA:1,(anonymous_8)
FNDA:2,(anonymous_9)
FNDA:0,(anonymous_10)
FNDA:2,(anonymous_11)
FNDA:0,(anonymous_12)
FNDA:2,(anonymous_13)
FNDA:10,processRewardData
DA:3,2
DA:6,5
DA:7,5
DA:8,5
DA:25,5
DA:26,5
DA:28,0
DA:29,0
DA:35,0
DA:36,0
DA:37,0
DA:38,0
DA:40,0
DA:41,0
DA:47,0
DA:48,0
DA:49,0
DA:53,0
DA:55,0
DA:56,0
DA:62,3
DA:63,3
DA:64,3
DA:65,3
DA:67,0
DA:68,0
DA:74,2
DA:75,2
DA:76,2
DA:77,2
DA:78,1
DA:79,1
DA:82,1
DA:121,1
DA:122,4
DA:125,1
DA:127,0
DA:128,0
DA:134,0
DA:135,0
DA:136,0
DA:137,0
DA:139,0
DA:140,0
DA:141,0
DA:142,0
DA:144,0
DA:145,0
DA:146,0
DA:150,0
DA:151,0
DA:152,0
DA:155,0
DA:157,0
DA:158,0
DA:164,0
DA:165,0
DA:166,0
DA:167,0
DA:169,0
DA:170,0
DA:176,1
DA:177,1
DA:178,1
DA:185,2
DA:192,0
DA:193,0
DA:199,0
DA:200,0
DA:201,0
DA:203,0
DA:204,0
DA:208,0
DA:209,0
DA:210,0
DA:213,0
DA:214,0
DA:216,0
DA:217,0
DA:222,0
DA:223,0
DA:225,0
DA:226,0
DA:229,0
DA:230,0
DA:236,2
DA:237,2
DA:238,2
DA:243,2
DA:244,1
DA:247,1
DA:248,1
DA:249,1
DA:251,1
DA:259,1
DA:264,1
DA:266,0
DA:267,0
DA:273,0
DA:274,0
DA:275,0
DA:282,0
DA:284,0
DA:285,0
DA:291,2
DA:292,2
DA:293,2
DA:295,2
DA:296,2
DA:300,2
DA:301,0
DA:302,0
DA:305,2
DA:306,2
DA:308,2
DA:312,2
DA:313,1
DA:314,1
DA:317,1
DA:319,1
DA:326,1
DA:332,1
DA:338,1
DA:345,1
DA:346,1
DA:348,0
DA:349,0
DA:352,0
DA:353,0
DA:360,10
DA:362,10
LF:131
LH:56
BRDA:18,0,0,5
BRDA:18,0,1,0
BRDA:19,1,0,5
BRDA:19,1,1,5
BRDA:20,2,0,5
BRDA:20,2,1,5
BRDA:21,3,0,5
BRDA:21,3,1,0
BRDA:22,4,0,0
BRDA:22,4,1,5
BRDA:65,5,0,3
BRDA:65,5,1,0
BRDA:77,6,0,1
BRDA:77,6,1,1
BRDA:140,7,0,0
BRDA:140,7,1,0
BRDA:142,8,0,0
BRDA:142,8,1,0
BRDA:150,9,0,0
BRDA:150,9,1,0
BRDA:208,10,0,0
BRDA:208,10,1,0
BRDA:214,11,0,0
BRDA:214,11,1,0
BRDA:235,12,0,0
BRDA:243,13,0,1
BRDA:243,13,1,1
BRDA:247,14,0,1
BRDA:247,14,1,0
BRDA:249,15,0,0
BRDA:249,15,1,1
BRDA:261,16,0,1
BRDA:261,16,1,0
BRDA:300,17,0,0
BRDA:300,17,1,2
BRDA:306,18,0,0
BRDA:306,18,1,2
BRDA:312,19,0,1
BRDA:312,19,1,1
BRDA:312,20,0,2
BRDA:312,20,1,2
BRDA:360,21,0,0
BRDA:360,21,1,10
BRF:43
BRH:22
end_of_record
TN:
SF:models\TriviaQuestion.js
FN:5,(anonymous_0)
FN:88,(anonymous_1)
FN:106,(anonymous_2)
FN:119,(anonymous_3)
FN:127,(anonymous_4)
FN:137,(anonymous_5)
FN:147,(anonymous_6)
FN:157,(anonymous_7)
FN:165,(anonymous_8)
FN:173,(anonymous_9)
FN:181,(anonymous_10)
FN:189,(anonymous_11)
FN:199,(anonymous_12)
FN:205,(anonymous_13)
FN:213,(anonymous_14)
FN:230,(anonymous_15)
FN:281,(anonymous_16)
FN:305,(anonymous_17)
FN:322,(anonymous_18)
FN:339,(anonymous_19)
FN:421,(anonymous_20)
FN:429,(anonymous_21)
FN:462,processQuestionData
FNF:23
FNH:8
FNDA:4,(anonymous_0)
FNDA:2,(anonymous_1)
FNDA:1,(anonymous_2)
FNDA:1,(anonymous_3)
FNDA:0,(anonymous_4)
FNDA:0,(anonymous_5)
FNDA:0,(anonymous_6)
FNDA:1,(anonymous_7)
FNDA:3,(anonymous_8)
FNDA:0,(anonymous_9)
FNDA:0,(anonymous_10)
FNDA:0,(anonymous_11)
FNDA:0,(anonymous_12)
FNDA:0,(anonymous_13)
FNDA:0,(anonymous_14)
FNDA:0,(anonymous_15)
FNDA:0,(anonymous_16)
FNDA:0,(anonymous_17)
FNDA:0,(anonymous_18)
FNDA:2,(anonymous_19)
FNDA:0,(anonymous_20)
FNDA:0,(anonymous_21)
FNDA:5,processQuestionData
DA:3,1
DA:6,4
DA:7,4
DA:10,4
DA:11,2
DA:14,4
DA:17,4
DA:18,4
DA:19,1
DA:20,1
DA:22,1
DA:23,1
DA:25,1
DA:26,1
DA:31,4
DA:32,4
DA:33,2
DA:34,1
DA:35,1
DA:36,0
DA:37,1
DA:38,0
DA:39,1
DA:40,1
DA:42,0
DA:46,4
DA:47,1
DA:53,4
DA:75,4
DA:80,4
DA:82,0
DA:83,0
DA:89,2
DA:90,2
DA:92,2
DA:93,2
DA:95,2
DA:96,1
DA:97,1
DA:100,2
DA:101,1
DA:102,1
DA:105,2
DA:106,1
DA:107,1
DA:110,2
DA:114,2
DA:115,2
DA:117,2
DA:119,2
DA:121,0
DA:122,0
DA:128,0
DA:129,0
DA:131,0
DA:132,0
DA:138,0
DA:139,0
DA:141,0
DA:142,0
DA:148,0
DA:149,0
DA:151,0
DA:152,0
DA:158,1
DA:159,1
DA:161,1
DA:165,3
DA:167,0
DA:168,0
DA:174,0
DA:175,0
DA:177,0
DA:181,0
DA:183,0
DA:184,0
DA:190,0
DA:191,0
DA:193,0
DA:194,0
DA:200,0
DA:201,0
DA:203,0
DA:205,0
DA:207,0
DA:208,0
DA:214,0
DA:215,0
DA:217,0
DA:222,0
DA:224,0
DA:225,0
DA:231,0
DA:232,0
DA:234,0
DA:235,0
DA:236,0
DA:240,0
DA:241,0
DA:244,0
DA:245,0
DA:246,0
DA:248,0
DA:249,0
DA:251,0
DA:252,0
DA:253,0
DA:257,0
DA:258,0
DA:259,0
DA:260,0
DA:261,0
DA:262,0
DA:263,0
DA:264,0
DA:265,0
DA:266,0
DA:267,0
DA:268,0
DA:269,0
DA:270,0
DA:274,0
DA:275,0
DA:278,0
DA:279,0
DA:281,0
DA:282,0
DA:283,0
DA:284,0
DA:288,0
DA:290,0
DA:291,0
DA:297,0
DA:299,0
DA:300,0
DA:306,0
DA:307,0
DA:309,0
DA:314,0
DA:316,0
DA:317,0
DA:323,0
DA:324,0
DA:326,0
DA:331,0
DA:333,0
DA:334,0
DA:340,2
DA:341,2
DA:343,2
DA:345,2
DA:346,2
DA:347,3
DA:348,0
DA:351,3
DA:353,3
DA:354,3
DA:355,0
DA:356,0
DA:358,0
DA:359,0
DA:361,0
DA:362,0
DA:366,3
DA:367,3
DA:368,1
DA:369,1
DA:370,0
DA:371,0
DA:372,0
DA:373,0
DA:374,0
DA:375,0
DA:377,0
DA:381,3
DA:382,1
DA:385,3
DA:408,1
DA:409,1
DA:411,1
DA:412,1
DA:415,1
DA:416,1
DA:422,0
DA:423,0
DA:425,0
DA:426,0
DA:429,0
DA:430,0
DA:432,0
DA:433,0
DA:436,0
DA:437,0
DA:438,0
DA:439,0
DA:440,0
DA:441,0
DA:442,0
DA:443,0
DA:444,0
DA:446,0
DA:450,0
DA:453,0
DA:455,0
DA:456,0
DA:463,5
DA:465,5
DA:466,5
DA:467,3
DA:470,5
DA:471,1
DA:472,1
DA:474,1
DA:475,1
DA:477,1
DA:478,1
DA:482,5
DA:483,0
DA:486,5
DA:487,3
DA:488,3
DA:490,2
DA:491,0
DA:492,0
DA:496,0
DA:499,5
LF:226
LH:88
BRDA:10,0,0,2
BRDA:10,0,1,2
BRDA:18,1,0,1
BRDA:18,1,1,3
BRDA:19,2,0,1
BRDA:19,2,1,0
BRDA:22,3,0,1
BRDA:22,3,1,0
BRDA:25,4,0,1
BRDA:25,4,1,0
BRDA:32,5,0,2
BRDA:32,5,1,2
BRDA:32,6,0,4
BRDA:32,6,1,2
BRDA:33,7,0,1
BRDA:33,7,1,1
BRDA:33,8,0,2
BRDA:33,8,1,1
BRDA:35,9,0,0
BRDA:35,9,1,1
BRDA:37,10,0,0
BRDA:37,10,1,1
BRDA:39,11,0,1
BRDA:39,11,1,0
BRDA:40,12,0,1
BRDA:40,12,1,0
BRDA:46,13,0,1
BRDA:46,13,1,3
BRDA:47,14,0,0
BRDA:47,14,1,1
BRDA:47,15,0,1
BRDA:47,15,1,0
BRDA:63,16,0,4
BRDA:63,16,1,1
BRDA:64,17,0,4
BRDA:64,17,1,3
BRDA:65,18,0,4
BRDA:65,18,1,3
BRDA:66,19,0,4
BRDA:66,19,1,0
BRDA:70,20,0,4
BRDA:70,20,1,4
BRDA:71,21,0,4
BRDA:71,21,1,4
BRDA:88,22,0,0
BRDA:88,23,0,0
BRDA:88,24,0,0
BRDA:88,25,0,0
BRDA:88,26,0,2
BRDA:95,27,0,1
BRDA:95,27,1,1
BRDA:100,28,0,1
BRDA:100,28,1,1
BRDA:100,29,0,2
BRDA:100,29,1,1
BRDA:105,30,0,1
BRDA:105,30,1,1
BRDA:105,31,0,2
BRDA:105,31,1,1
BRDA:105,31,2,1
BRDA:110,32,0,0
BRDA:110,32,1,2
BRDA:127,33,0,0
BRDA:137,34,0,0
BRDA:147,35,0,0
BRDA:189,36,0,0
BRDA:222,37,0,0
BRDA:222,37,1,0
BRDA:234,38,0,0
BRDA:234,38,1,0
BRDA:234,39,0,0
BRDA:234,39,1,0
BRDA:235,40,0,0
BRDA:235,40,1,0
BRDA:240,41,0,0
BRDA:240,41,1,0
BRDA:244,42,0,0
BRDA:244,42,1,0
BRDA:245,43,0,0
BRDA:245,43,1,0
BRDA:248,44,0,0
BRDA:248,44,1,0
BRDA:251,45,0,0
BRDA:251,45,1,0
BRDA:257,46,0,0
BRDA:257,46,1,0
BRDA:257,47,0,0
BRDA:257,47,1,0
BRDA:258,48,0,0
BRDA:258,48,1,0
BRDA:260,49,0,0
BRDA:260,49,1,0
BRDA:260,50,0,0
BRDA:260,50,1,0
BRDA:261,51,0,0
BRDA:261,51,1,0
BRDA:261,52,0,0
BRDA:261,52,1,0
BRDA:263,53,0,0
BRDA:263,53,1,0
BRDA:265,54,0,0
BRDA:265,54,1,0
BRDA:267,55,0,0
BRDA:267,55,1,0
BRDA:268,56,0,0
BRDA:268,56,1,0
BRDA:269,57,0,0
BRDA:269,57,1,0
BRDA:274,58,0,0
BRDA:274,58,1,0
BRDA:282,59,0,0
BRDA:282,59,1,0
BRDA:290,60,0,0
BRDA:290,60,1,0
BRDA:347,61,0,0
BRDA:347,61,1,3
BRDA:354,62,0,0
BRDA:354,62,1,3
BRDA:355,63,0,0
BRDA:355,63,1,0
BRDA:358,64,0,0
BRDA:358,64,1,0
BRDA:361,65,0,0
BRDA:361,65,1,0
BRDA:367,66,0,1
BRDA:367,66,1,2
BRDA:367,67,0,3
BRDA:367,67,1,2
BRDA:368,68,0,1
BRDA:368,68,1,0
BRDA:368,69,0,1
BRDA:368,69,1,0
BRDA:370,70,0,0
BRDA:370,70,1,0
BRDA:372,71,0,0
BRDA:372,71,1,0
BRDA:374,72,0,0
BRDA:374,72,1,0
BRDA:375,73,0,0
BRDA:375,73,1,0
BRDA:381,74,0,1
BRDA:381,74,1,2
BRDA:395,75,0,3
BRDA:395,75,1,3
BRDA:396,76,0,3
BRDA:396,76,1,3
BRDA:397,77,0,3
BRDA:397,77,1,3
BRDA:398,78,0,3
BRDA:398,78,1,0
BRDA:402,79,0,3
BRDA:402,79,1,3
BRDA:403,80,0,3
BRDA:403,80,1,3
BRDA:423,81,0,0
BRDA:423,81,1,0
BRDA:425,82,0,0
BRDA:425,82,1,0
BRDA:432,83,0,0
BRDA:432,83,1,0
BRDA:432,84,0,0
BRDA:432,84,1,0
BRDA:436,85,0,0
BRDA:436,85,1,0
BRDA:436,86,0,0
BRDA:436,86,1,0
BRDA:437,87,0,0
BRDA:437,87,1,0
BRDA:437,88,0,0
BRDA:437,88,1,0
BRDA:439,89,0,0
BRDA:439,89,1,0
BRDA:441,90,0,0
BRDA:441,90,1,0
BRDA:443,91,0,0
BRDA:443,91,1,0
BRDA:443,92,0,0
BRDA:443,92,1,0
BRDA:463,93,0,0
BRDA:463,93,1,5
BRDA:466,94,0,3
BRDA:466,94,1,2
BRDA:470,95,0,1
BRDA:470,95,1,4
BRDA:471,96,0,1
BRDA:471,96,1,0
BRDA:474,97,0,1
BRDA:474,97,1,0
BRDA:477,98,0,1
BRDA:477,98,1,0
BRDA:482,99,0,0
BRDA:482,99,1,5
BRDA:486,100,0,3
BRDA:486,100,1,2
BRDA:486,101,0,5
BRDA:486,101,1,2
BRDA:487,102,0,3
BRDA:487,102,1,0
BRDA:490,103,0,0
BRDA:490,103,1,2
BRDA:491,104,0,0
BRDA:491,104,1,0
BRF:202
BRH:83
end_of_record
TN:
SF:models\UserStats.js
FN:7,(anonymous_0)
FN:45,(anonymous_1)
FN:67,(anonymous_2)
FN:161,(anonymous_3)
FN:205,(anonymous_4)
FN:246,(anonymous_5)
FN:270,(anonymous_6)
FN:279,(anonymous_7)
FN:290,(anonymous_8)
FN:299,(anonymous_9)
FN:310,(anonymous_10)
FN:319,(anonymous_11)
FN:330,(anonymous_12)
FN:340,processUserStatsData
FNF:14
FNH:5
FNDA:1,(anonymous_0)
FNDA:2,(anonymous_1)
FNDA:2,(anonymous_2)
FNDA:0,(anonymous_3)
FNDA:0,(anonymous_4)
FNDA:0,(anonymous_5)
FNDA:0,(anonymous_6)
FNDA:1,(anonymous_7)
FNDA:0,(anonymous_8)
FNDA:0,(anonymous_9)
FNDA:0,(anonymous_10)
FNDA:0,(anonymous_11)
FNDA:0,(anonymous_12)
FNDA:4,processUserStatsData
DA:5,2
DA:8,1
DA:9,1
DA:12,1
DA:17,1
DA:18,0
DA:22,1
DA:32,1
DA:37,1
DA:39,0
DA:40,0
DA:46,2
DA:47,2
DA:49,2
DA:54,1
DA:56,0
DA:59,1
DA:61,1
DA:62,1
DA:68,2
DA:69,2
DA:70,2
DA:72,2
DA:73,2
DA:74,2
DA:78,2
DA:83,2
DA:84,0
DA:88,2
DA:89,2
DA:94,0
DA:101,2
DA:107,2
DA:113,2
DA:115,2
DA:116,2
DA:122,2
DA:124,2
DA:125,1
DA:127,1
DA:134,1
DA:135,1
DA:140,2
DA:141,2
DA:144,2
DA:149,0
DA:150,0
DA:152,0
DA:155,0
DA:156,0
DA:162,0
DA:163,0
DA:165,0
DA:167,0
DA:168,0
DA:173,0
DA:174,0
DA:177,0
DA:178,0
DA:180,0
DA:186,0
DA:191,0
DA:193,0
DA:195,0
DA:196,0
DA:199,0
DA:200,0
DA:206,0
DA:207,0
DA:209,0
DA:210,0
DA:211,0
DA:213,0
DA:215,0
DA:216,0
DA:217,0
DA:219,0
DA:220,0
DA:222,0
DA:223,0
DA:224,0
DA:225,0
DA:226,0
DA:227,0
DA:231,0
DA:236,0
DA:238,0
DA:240,0
DA:241,0
DA:247,0
DA:248,0
DA:253,0
DA:255,0
DA:256,0
DA:263,0
DA:266,0
DA:268,0
DA:270,0
DA:273,0
DA:274,0
DA:280,1
DA:281,1
DA:288,1
DA:290,0
DA:293,0
DA:294,0
DA:300,0
DA:301,0
DA:308,0
DA:310,0
DA:313,0
DA:314,0
DA:320,0
DA:321,0
DA:328,0
DA:330,0
DA:333,0
DA:334,0
DA:341,4
DA:343,4
LF:120
LH:44
BRDA:17,0,0,0
BRDA:17,0,1,1
BRDA:54,1,0,0
BRDA:54,1,1,1
BRDA:67,2,0,0
BRDA:67,3,0,2
BRDA:73,4,0,2
BRDA:73,4,1,0
BRDA:83,5,0,0
BRDA:83,5,1,2
BRDA:88,6,0,2
BRDA:88,6,1,0
BRDA:124,7,0,1
BRDA:124,7,1,1
BRDA:124,8,0,2
BRDA:124,8,1,1
BRDA:134,9,0,1
BRDA:134,9,1,0
BRDA:140,10,0,2
BRDA:140,10,1,0
BRDA:149,11,0,0
BRDA:149,11,1,0
BRDA:173,12,0,0
BRDA:173,12,1,0
BRDA:178,13,0,0
BRDA:178,13,1,0
BRDA:178,14,0,0
BRDA:178,14,1,0
BRDA:215,15,0,0
BRDA:215,15,1,0
BRDA:222,16,0,0
BRDA:222,16,1,0
BRDA:224,17,0,0
BRDA:224,17,1,0
BRDA:226,18,0,0
BRDA:226,18,1,0
BRDA:341,19,0,0
BRDA:341,19,1,4
BRF:38
BRH:13
end_of_record
TN:
SF:routes\authRoutes.js
FN:12,(anonymous_0)
FN:52,(anonymous_1)
FN:98,(anonymous_2)
FN:117,(anonymous_3)
FN:133,(anonymous_4)
FN:165,(anonymous_5)
FN:169,(anonymous_6)
FNF:7
FNH:4
FNDA:3,(anonymous_0)
FNDA:3,(anonymous_1)
FNDA:1,(anonymous_2)
FNDA:2,(anonymous_3)
FNDA:0,(anonymous_4)
FNDA:0,(anonymous_5)
FNDA:0,(anonymous_6)
DA:6,1
DA:12,1
DA:13,3
DA:14,3
DA:17,3
DA:18,2
DA:21,1
DA:28,1
DA:41,1
DA:43,1
DA:44,1
DA:52,1
DA:53,3
DA:54,3
DA:57,3
DA:58,3
DA:61,2
DA:62,2
DA:65,1
DA:66,1
DA:74,1
DA:76,1
DA:77,1
DA:79,1
DA:89,0
DA:90,0
DA:98,1
DA:99,1
DA:100,1
DA:102,1
DA:108,1
DA:110,0
DA:117,1
DA:118,2
DA:119,2
DA:120,2
DA:122,1
DA:124,0
DA:133,1
DA:134,0
DA:135,0
DA:137,0
DA:138,0
DA:142,0
DA:143,0
DA:144,0
DA:148,0
DA:149,0
DA:151,0
DA:152,0
DA:157,1
DA:158,1
DA:159,1
DA:160,1
DA:165,1
DA:166,0
DA:169,0
DA:170,0
DA:173,0
LF:59
LH:40
BRDA:18,0,0,1
BRDA:18,0,1,1
BRDA:58,1,0,1
BRDA:58,1,1,2
BRDA:62,2,0,1
BRDA:62,2,1,1
BRDA:65,3,0,1
BRDA:65,3,1,0
BRDA:120,4,0,1
BRDA:120,4,1,1
BRDA:135,5,0,0
BRDA:135,5,1,0
BRDA:137,6,0,0
BRDA:137,6,1,0
BRDA:143,7,0,0
BRDA:143,7,1,0
BRF:16
BRH:9
end_of_record
TN:
SF:routes\courseRoutes.js
FN:7,setupCourseRoutes
FN:9,(anonymous_1)
FN:27,(anonymous_2)
FN:46,(anonymous_3)
FN:56,(anonymous_4)
FN:59,(anonymous_5)
FN:79,(anonymous_6)
FN:95,(anonymous_7)
FN:111,(anonymous_8)
FN:170,(anonymous_9)
FN:197,(anonymous_10)
FN:200,(anonymous_11)
FN:235,(anonymous_12)
FN:236,(anonymous_13)
FN:248,(anonymous_14)
FN:250,(anonymous_15)
FN:289,(anonymous_16)
FN:302,(anonymous_17)
FN:360,updateCourseProgress
FNF:19
FNH:6
FNDA:5,setupCourseRoutes
FNDA:0,(anonymous_1)
FNDA:0,(anonymous_2)
FNDA:0,(anonymous_3)
FNDA:0,(anonymous_4)
FNDA:0,(anonymous_5)
FNDA:0,(anonymous_6)
FNDA:0,(anonymous_7)
FNDA:2,(anonymous_8)
FNDA:1,(anonymous_9)
FNDA:0,(anonymous_10)
FNDA:0,(anonymous_11)
FNDA:0,(anonymous_12)
FNDA:0,(anonymous_13)
FNDA:0,(anonymous_14)
FNDA:0,(anonymous_15)
FNDA:2,(anonymous_16)
FNDA:6,(anonymous_17)
FNDA:2,updateCourseProgress
DA:9,5
DA:10,0
DA:11,0
DA:12,0
DA:13,0
DA:14,0
DA:15,0
DA:16,0
DA:18,0
DA:19,0
DA:21,0
DA:22,0
DA:27,5
DA:28,0
DA:29,0
DA:30,0
DA:32,0
DA:33,0
DA:34,0
DA:35,0
DA:37,0
DA:38,0
DA:40,0
DA:41,0
DA:46,5
DA:47,0
DA:48,0
DA:49,0
DA:51,0
DA:52,0
DA:55,0
DA:57,0
DA:59,0
DA:64,0
DA:71,0
DA:73,0
DA:74,0
DA:79,5
DA:80,0
DA:81,0
DA:82,0
DA:84,0
DA:85,0
DA:87,0
DA:89,0
DA:90,0
DA:95,5
DA:96,0
DA:97,0
DA:98,0
DA:100,0
DA:101,0
DA:103,0
DA:105,0
DA:106,0
DA:111,5
DA:112,2
DA:113,2
DA:114,2
DA:115,0
DA:119,2
DA:120,2
DA:121,1
DA:124,1
DA:125,1
DA:130,1
DA:131,1
DA:132,0
DA:140,1
DA:156,1
DA:157,1
DA:158,1
DA:159,1
DA:160,1
DA:162,1
DA:164,0
DA:165,0
DA:170,5
DA:171,1
DA:172,1
DA:173,1
DA:176,1
DA:180,1
DA:181,1
DA:189,1
DA:190,1
DA:191,0
DA:195,1
DA:196,0
DA:198,0
DA:199,0
DA:201,0
DA:205,0
DA:223,0
DA:233,0
DA:234,0
DA:235,0
DA:236,0
DA:237,0
DA:238,0
DA:239,0
DA:243,0
DA:246,0
DA:247,0
DA:248,0
DA:249,0
DA:250,0
DA:251,0
DA:252,0
DA:253,0
DA:254,0
DA:255,0
DA:258,0
DA:262,0
DA:266,0
DA:267,0
DA:274,0
DA:283,1
DA:284,1
DA:289,5
DA:290,2
DA:291,2
DA:292,2
DA:293,0
DA:295,2
DA:296,2
DA:297,0
DA:301,2
DA:302,2
DA:303,6
DA:304,5
DA:305,5
DA:309,2
DA:310,2
DA:311,2
DA:313,2
DA:329,2
DA:330,1
DA:331,1
DA:341,1
DA:342,1
DA:343,1
DA:345,2
DA:354,0
DA:355,0
DA:361,2
DA:362,2
DA:363,2
DA:370,2
DA:378,2
DA:379,2
DA:380,2
DA:382,2
DA:386,2
DA:387,0
DA:394,2
DA:396,0
DA:397,0
LF:158
LH:67
BRDA:13,0,0,0
BRDA:13,0,1,0
BRDA:13,1,0,0
BRDA:13,1,1,0
BRDA:14,2,0,0
BRDA:14,2,1,0
BRDA:15,3,0,0
BRDA:15,3,1,0
BRDA:16,4,0,0
BRDA:16,4,1,0
BRDA:33,5,0,0
BRDA:33,5,1,0
BRDA:51,6,0,0
BRDA:51,6,1,0
BRDA:51,7,0,0
BRDA:51,7,1,0
BRDA:84,8,0,0
BRDA:84,8,1,0
BRDA:100,9,0,0
BRDA:100,9,1,0
BRDA:114,10,0,0
BRDA:114,10,1,2
BRDA:114,11,0,2
BRDA:114,11,1,2
BRDA:114,11,2,2
BRDA:120,12,0,1
BRDA:120,12,1,1
BRDA:131,13,0,0
BRDA:131,13,1,1
BRDA:150,14,0,1
BRDA:150,14,1,0
BRDA:156,15,0,1
BRDA:156,15,1,0
BRDA:180,16,0,1
BRDA:180,16,1,0
BRDA:190,17,0,0
BRDA:190,17,1,1
BRDA:209,18,0,0
BRDA:209,18,1,0
BRDA:238,19,0,0
BRDA:238,19,1,0
BRDA:243,20,0,0
BRDA:243,20,1,0
BRDA:252,21,0,0
BRDA:252,21,1,0
BRDA:258,22,0,0
BRDA:258,22,1,0
BRDA:266,23,0,0
BRDA:266,23,1,0
BRDA:266,24,0,0
BRDA:266,24,1,0
BRDA:292,25,0,0
BRDA:292,25,1,2
BRDA:292,26,0,2
BRDA:292,26,1,2
BRDA:292,26,2,2
BRDA:296,27,0,0
BRDA:296,27,1,2
BRDA:303,28,0,5
BRDA:303,28,1,1
BRDA:304,29,0,5
BRDA:304,29,1,0
BRDA:321,30,0,1
BRDA:321,30,1,1
BRDA:329,31,0,1
BRDA:329,31,1,1
BRDA:379,32,0,2
BRDA:379,32,1,0
BRDA:380,33,0,2
BRDA:380,33,1,0
BRDA:386,34,0,0
BRDA:386,34,1,2
BRF:72
BRH:26
end_of_record
